{"/Users/ccxu/Desktop/Coursework/ASE/project/w4156-project/app.js": {"path":"/Users/ccxu/Desktop/Coursework/ASE/project/w4156-project/app.js","statementMap":{"0":{"start":{"line":1,"column":16},"end":{"line":1,"column":34}},"1":{"start":{"line":2,"column":13},"end":{"line":2,"column":28}},"2":{"start":{"line":3,"column":19},"end":{"line":3,"column":54}},"3":{"start":{"line":5,"column":15},"end":{"line":5,"column":32}},"4":{"start":{"line":7,"column":0},"end":{"line":7,"column":45}},"5":{"start":{"line":10,"column":12},"end":{"line":10,"column":21}},"6":{"start":{"line":12,"column":0},"end":{"line":12,"column":24}},"7":{"start":{"line":14,"column":0},"end":{"line":14,"column":16}},"8":{"start":{"line":18,"column":19},"end":{"line":18,"column":43}},"9":{"start":{"line":19,"column":0},"end":{"line":19,"column":29}},"10":{"start":{"line":21,"column":20},"end":{"line":21,"column":45}},"11":{"start":{"line":22,"column":0},"end":{"line":22,"column":43}},"12":{"start":{"line":24,"column":35},"end":{"line":24,"column":65}},"13":{"start":{"line":25,"column":0},"end":{"line":25,"column":53}},"14":{"start":{"line":27,"column":38},"end":{"line":27,"column":71}},"15":{"start":{"line":28,"column":0},"end":{"line":28,"column":59}},"16":{"start":{"line":30,"column":34},"end":{"line":30,"column":63}},"17":{"start":{"line":31,"column":0},"end":{"line":31,"column":51}},"18":{"start":{"line":33,"column":34},"end":{"line":33,"column":63}},"19":{"start":{"line":34,"column":0},"end":{"line":34,"column":51}},"20":{"start":{"line":37,"column":0},"end":{"line":39,"column":3}},"21":{"start":{"line":38,"column":2},"end":{"line":38,"column":68}},"22":{"start":{"line":42,"column":0},"end":{"line":42,"column":21}}},"fnMap":{"0":{"name":"(anonymous_0)","decl":{"start":{"line":37,"column":13},"end":{"line":37,"column":14}},"loc":{"start":{"line":37,"column":27},"end":{"line":39,"column":1}},"line":37}},"branchMap":{},"s":{"0":1,"1":1,"2":1,"3":1,"4":1,"5":1,"6":1,"7":1,"8":1,"9":1,"10":1,"11":1,"12":1,"13":1,"14":1,"15":1,"16":1,"17":1,"18":1,"19":1,"20":1,"21":0,"22":1},"f":{"0":0},"b":{},"_coverageSchema":"1a1c01bbd47fc00a2c39e90264f33305004495a9","hash":"b5ae52ada94943df3f75d7f0f9a47ed921f7fe21"}
,"/Users/ccxu/Desktop/Coursework/ASE/project/w4156-project/controllers/authController.js": {"path":"/Users/ccxu/Desktop/Coursework/ASE/project/w4156-project/controllers/authController.js","statementMap":{"0":{"start":{"line":2,"column":13},"end":{"line":2,"column":38}},"1":{"start":{"line":3,"column":15},"end":{"line":3,"column":34}},"2":{"start":{"line":4,"column":12},"end":{"line":4,"column":35}},"3":{"start":{"line":6,"column":0},"end":{"line":30,"column":2}},"4":{"start":{"line":7,"column":2},"end":{"line":29,"column":3}},"5":{"start":{"line":10,"column":17},"end":{"line":10,"column":60}},"6":{"start":{"line":11,"column":4},"end":{"line":13,"column":5}},"7":{"start":{"line":12,"column":6},"end":{"line":12,"column":69}},"8":{"start":{"line":15,"column":17},"end":{"line":15,"column":41}},"9":{"start":{"line":16,"column":27},"end":{"line":16,"column":69}},"10":{"start":{"line":19,"column":20},"end":{"line":23,"column":6}},"11":{"start":{"line":24,"column":4},"end":{"line":24,"column":25}},"12":{"start":{"line":26,"column":4},"end":{"line":26,"column":68}},"13":{"start":{"line":28,"column":4},"end":{"line":28,"column":51}},"14":{"start":{"line":32,"column":0},"end":{"line":52,"column":2}},"15":{"start":{"line":33,"column":2},"end":{"line":51,"column":3}},"16":{"start":{"line":36,"column":17},"end":{"line":36,"column":80}},"17":{"start":{"line":38,"column":4},"end":{"line":40,"column":5}},"18":{"start":{"line":39,"column":6},"end":{"line":39,"column":79}},"19":{"start":{"line":42,"column":26},"end":{"line":42,"column":80}},"20":{"start":{"line":43,"column":4},"end":{"line":45,"column":5}},"21":{"start":{"line":44,"column":6},"end":{"line":44,"column":79}},"22":{"start":{"line":47,"column":18},"end":{"line":47,"column":86}},"23":{"start":{"line":48,"column":4},"end":{"line":48,"column":95}},"24":{"start":{"line":50,"column":4},"end":{"line":50,"column":52}}},"fnMap":{"0":{"name":"(anonymous_0)","decl":{"start":{"line":6,"column":17},"end":{"line":6,"column":18}},"loc":{"start":{"line":6,"column":37},"end":{"line":30,"column":1}},"line":6},"1":{"name":"(anonymous_1)","decl":{"start":{"line":32,"column":16},"end":{"line":32,"column":17}},"loc":{"start":{"line":32,"column":36},"end":{"line":52,"column":1}},"line":32}},"branchMap":{"0":{"loc":{"start":{"line":11,"column":4},"end":{"line":13,"column":5}},"type":"if","locations":[{"start":{"line":11,"column":4},"end":{"line":13,"column":5}},{"start":{},"end":{}}],"line":11},"1":{"loc":{"start":{"line":38,"column":4},"end":{"line":40,"column":5}},"type":"if","locations":[{"start":{"line":38,"column":4},"end":{"line":40,"column":5}},{"start":{},"end":{}}],"line":38},"2":{"loc":{"start":{"line":43,"column":4},"end":{"line":45,"column":5}},"type":"if","locations":[{"start":{"line":43,"column":4},"end":{"line":45,"column":5}},{"start":{},"end":{}}],"line":43}},"s":{"0":1,"1":1,"2":1,"3":1,"4":3,"5":3,"6":3,"7":0,"8":3,"9":3,"10":3,"11":3,"12":3,"13":0,"14":1,"15":3,"16":3,"17":3,"18":0,"19":3,"20":3,"21":0,"22":3,"23":3,"24":0},"f":{"0":3,"1":3},"b":{"0":[0,3],"1":[0,3],"2":[0,3]},"_coverageSchema":"1a1c01bbd47fc00a2c39e90264f33305004495a9","hash":"fc0df9adc2eed88e9d16375f68f3cd2a966a4df3"}
,"/Users/ccxu/Desktop/Coursework/ASE/project/w4156-project/controllers/employeeController.js": {"path":"/Users/ccxu/Desktop/Coursework/ASE/project/w4156-project/controllers/employeeController.js","statementMap":{"0":{"start":{"line":1,"column":17},"end":{"line":1,"column":46}},"1":{"start":{"line":2,"column":13},"end":{"line":2,"column":38}},"2":{"start":{"line":3,"column":17},"end":{"line":3,"column":46}},"3":{"start":{"line":12,"column":2},"end":{"line":23,"column":3}},"4":{"start":{"line":13,"column":17},"end":{"line":13,"column":50}},"5":{"start":{"line":14,"column":4},"end":{"line":17,"column":5}},"6":{"start":{"line":16,"column":6},"end":{"line":16,"column":81}},"7":{"start":{"line":19,"column":22},"end":{"line":19,"column":77}},"8":{"start":{"line":20,"column":4},"end":{"line":20,"column":24}},"9":{"start":{"line":22,"column":4},"end":{"line":22,"column":49}},"10":{"start":{"line":33,"column":2},"end":{"line":35,"column":5}},"11":{"start":{"line":44,"column":2},"end":{"line":68,"column":3}},"12":{"start":{"line":45,"column":17},"end":{"line":45,"column":50}},"13":{"start":{"line":46,"column":4},"end":{"line":48,"column":5}},"14":{"start":{"line":47,"column":6},"end":{"line":47,"column":80}},"15":{"start":{"line":50,"column":21},"end":{"line":58,"column":6}},"16":{"start":{"line":60,"column":24},"end":{"line":60,"column":45}},"17":{"start":{"line":61,"column":4},"end":{"line":63,"column":7}},"18":{"start":{"line":65,"column":4},"end":{"line":65,"column":38}},"19":{"start":{"line":67,"column":4},"end":{"line":67,"column":49}},"20":{"start":{"line":78,"column":2},"end":{"line":80,"column":3}},"21":{"start":{"line":79,"column":4},"end":{"line":79,"column":38}},"22":{"start":{"line":81,"column":2},"end":{"line":83,"column":3}},"23":{"start":{"line":82,"column":4},"end":{"line":82,"column":40}},"24":{"start":{"line":84,"column":2},"end":{"line":86,"column":3}},"25":{"start":{"line":85,"column":4},"end":{"line":85,"column":52}},"26":{"start":{"line":87,"column":2},"end":{"line":89,"column":3}},"27":{"start":{"line":88,"column":4},"end":{"line":88,"column":44}},"28":{"start":{"line":90,"column":2},"end":{"line":92,"column":3}},"29":{"start":{"line":91,"column":4},"end":{"line":91,"column":50}},"30":{"start":{"line":94,"column":2},"end":{"line":99,"column":3}},"31":{"start":{"line":95,"column":28},"end":{"line":95,"column":53}},"32":{"start":{"line":96,"column":4},"end":{"line":96,"column":30}},"33":{"start":{"line":98,"column":4},"end":{"line":98,"column":49}},"34":{"start":{"line":109,"column":2},"end":{"line":120,"column":3}},"35":{"start":{"line":110,"column":23},"end":{"line":110,"column":46}},"36":{"start":{"line":111,"column":4},"end":{"line":111,"column":35}},"37":{"start":{"line":113,"column":4},"end":{"line":115,"column":7}},"38":{"start":{"line":117,"column":4},"end":{"line":117,"column":20}},"39":{"start":{"line":119,"column":4},"end":{"line":119,"column":49}},"40":{"start":{"line":123,"column":0},"end":{"line":129,"column":2}}},"fnMap":{"0":{"name":"getAllController","decl":{"start":{"line":11,"column":15},"end":{"line":11,"column":31}},"loc":{"start":{"line":11,"column":42},"end":{"line":24,"column":1}},"line":11},"1":{"name":"getOneController","decl":{"start":{"line":32,"column":9},"end":{"line":32,"column":25}},"loc":{"start":{"line":32,"column":36},"end":{"line":36,"column":1}},"line":32},"2":{"name":"createController","decl":{"start":{"line":43,"column":15},"end":{"line":43,"column":31}},"loc":{"start":{"line":43,"column":42},"end":{"line":69,"column":1}},"line":43},"3":{"name":"patchController","decl":{"start":{"line":77,"column":15},"end":{"line":77,"column":30}},"loc":{"start":{"line":77,"column":41},"end":{"line":100,"column":1}},"line":77},"4":{"name":"deleteController","decl":{"start":{"line":108,"column":15},"end":{"line":108,"column":31}},"loc":{"start":{"line":108,"column":42},"end":{"line":121,"column":1}},"line":108}},"branchMap":{"0":{"loc":{"start":{"line":14,"column":4},"end":{"line":17,"column":5}},"type":"if","locations":[{"start":{"line":14,"column":4},"end":{"line":17,"column":5}},{"start":{},"end":{}}],"line":14},"1":{"loc":{"start":{"line":46,"column":4},"end":{"line":48,"column":5}},"type":"if","locations":[{"start":{"line":46,"column":4},"end":{"line":48,"column":5}},{"start":{},"end":{}}],"line":46},"2":{"loc":{"start":{"line":78,"column":2},"end":{"line":80,"column":3}},"type":"if","locations":[{"start":{"line":78,"column":2},"end":{"line":80,"column":3}},{"start":{},"end":{}}],"line":78},"3":{"loc":{"start":{"line":81,"column":2},"end":{"line":83,"column":3}},"type":"if","locations":[{"start":{"line":81,"column":2},"end":{"line":83,"column":3}},{"start":{},"end":{}}],"line":81},"4":{"loc":{"start":{"line":84,"column":2},"end":{"line":86,"column":3}},"type":"if","locations":[{"start":{"line":84,"column":2},"end":{"line":86,"column":3}},{"start":{},"end":{}}],"line":84},"5":{"loc":{"start":{"line":87,"column":2},"end":{"line":89,"column":3}},"type":"if","locations":[{"start":{"line":87,"column":2},"end":{"line":89,"column":3}},{"start":{},"end":{}}],"line":87},"6":{"loc":{"start":{"line":90,"column":2},"end":{"line":92,"column":3}},"type":"if","locations":[{"start":{"line":90,"column":2},"end":{"line":92,"column":3}},{"start":{},"end":{}}],"line":90}},"s":{"0":2,"1":2,"2":2,"3":3,"4":3,"5":2,"6":1,"7":1,"8":1,"9":1,"10":1,"11":3,"12":3,"13":3,"14":1,"15":2,"16":2,"17":1,"18":1,"19":1,"20":2,"21":1,"22":2,"23":1,"24":2,"25":1,"26":2,"27":1,"28":2,"29":1,"30":2,"31":2,"32":1,"33":1,"34":2,"35":2,"36":2,"37":1,"38":1,"39":1,"40":2},"f":{"0":3,"1":1,"2":3,"3":2,"4":2},"b":{"0":[1,1],"1":[1,2],"2":[1,1],"3":[1,1],"4":[1,1],"5":[1,1],"6":[1,1]},"_coverageSchema":"1a1c01bbd47fc00a2c39e90264f33305004495a9","hash":"d3dd19a63a17319ef04e01214149f878b0678f60"}
,"/Users/ccxu/Desktop/Coursework/ASE/project/w4156-project/controllers/facilityController.js": {"path":"/Users/ccxu/Desktop/Coursework/ASE/project/w4156-project/controllers/facilityController.js","statementMap":{"0":{"start":{"line":1,"column":17},"end":{"line":1,"column":46}},"1":{"start":{"line":2,"column":13},"end":{"line":2,"column":38}},"2":{"start":{"line":11,"column":2},"end":{"line":20,"column":3}},"3":{"start":{"line":12,"column":17},"end":{"line":12,"column":78}},"4":{"start":{"line":13,"column":4},"end":{"line":16,"column":5}},"5":{"start":{"line":15,"column":6},"end":{"line":15,"column":81}},"6":{"start":{"line":17,"column":4},"end":{"line":17,"column":35}},"7":{"start":{"line":19,"column":4},"end":{"line":19,"column":49}},"8":{"start":{"line":30,"column":2},"end":{"line":53,"column":3}},"9":{"start":{"line":31,"column":17},"end":{"line":31,"column":50}},"10":{"start":{"line":32,"column":4},"end":{"line":34,"column":5}},"11":{"start":{"line":33,"column":6},"end":{"line":33,"column":80}},"12":{"start":{"line":36,"column":21},"end":{"line":44,"column":6}},"13":{"start":{"line":46,"column":24},"end":{"line":46,"column":45}},"14":{"start":{"line":47,"column":4},"end":{"line":47,"column":43}},"15":{"start":{"line":48,"column":4},"end":{"line":48,"column":22}},"16":{"start":{"line":50,"column":4},"end":{"line":50,"column":38}},"17":{"start":{"line":52,"column":4},"end":{"line":52,"column":49}},"18":{"start":{"line":63,"column":2},"end":{"line":92,"column":3}},"19":{"start":{"line":65,"column":4},"end":{"line":67,"column":5}},"20":{"start":{"line":66,"column":6},"end":{"line":66,"column":56}},"21":{"start":{"line":68,"column":4},"end":{"line":70,"column":5}},"22":{"start":{"line":69,"column":6},"end":{"line":69,"column":56}},"23":{"start":{"line":71,"column":4},"end":{"line":73,"column":5}},"24":{"start":{"line":72,"column":6},"end":{"line":72,"column":60}},"25":{"start":{"line":74,"column":4},"end":{"line":76,"column":5}},"26":{"start":{"line":75,"column":6},"end":{"line":75,"column":62}},"27":{"start":{"line":77,"column":4},"end":{"line":79,"column":5}},"28":{"start":{"line":78,"column":6},"end":{"line":78,"column":56}},"29":{"start":{"line":80,"column":4},"end":{"line":82,"column":5}},"30":{"start":{"line":81,"column":6},"end":{"line":81,"column":52}},"31":{"start":{"line":83,"column":4},"end":{"line":85,"column":5}},"32":{"start":{"line":84,"column":6},"end":{"line":84,"column":50}},"33":{"start":{"line":88,"column":28},"end":{"line":88,"column":53}},"34":{"start":{"line":89,"column":4},"end":{"line":89,"column":30}},"35":{"start":{"line":91,"column":4},"end":{"line":91,"column":49}},"36":{"start":{"line":102,"column":2},"end":{"line":116,"column":3}},"37":{"start":{"line":103,"column":17},"end":{"line":103,"column":50}},"38":{"start":{"line":104,"column":4},"end":{"line":107,"column":5}},"39":{"start":{"line":106,"column":6},"end":{"line":106,"column":81}},"40":{"start":{"line":109,"column":4},"end":{"line":109,"column":58}},"41":{"start":{"line":110,"column":4},"end":{"line":110,"column":32}},"42":{"start":{"line":111,"column":4},"end":{"line":111,"column":22}},"43":{"start":{"line":113,"column":4},"end":{"line":113,"column":20}},"44":{"start":{"line":115,"column":4},"end":{"line":115,"column":49}},"45":{"start":{"line":119,"column":0},"end":{"line":124,"column":2}}},"fnMap":{"0":{"name":"getController","decl":{"start":{"line":10,"column":15},"end":{"line":10,"column":28}},"loc":{"start":{"line":10,"column":39},"end":{"line":21,"column":1}},"line":10},"1":{"name":"createController","decl":{"start":{"line":29,"column":15},"end":{"line":29,"column":31}},"loc":{"start":{"line":29,"column":42},"end":{"line":54,"column":1}},"line":29},"2":{"name":"patchController","decl":{"start":{"line":62,"column":15},"end":{"line":62,"column":30}},"loc":{"start":{"line":62,"column":41},"end":{"line":93,"column":1}},"line":62},"3":{"name":"deleteController","decl":{"start":{"line":101,"column":15},"end":{"line":101,"column":31}},"loc":{"start":{"line":101,"column":42},"end":{"line":117,"column":1}},"line":101}},"branchMap":{"0":{"loc":{"start":{"line":13,"column":4},"end":{"line":16,"column":5}},"type":"if","locations":[{"start":{"line":13,"column":4},"end":{"line":16,"column":5}},{"start":{},"end":{}}],"line":13},"1":{"loc":{"start":{"line":32,"column":4},"end":{"line":34,"column":5}},"type":"if","locations":[{"start":{"line":32,"column":4},"end":{"line":34,"column":5}},{"start":{},"end":{}}],"line":32},"2":{"loc":{"start":{"line":65,"column":4},"end":{"line":67,"column":5}},"type":"if","locations":[{"start":{"line":65,"column":4},"end":{"line":67,"column":5}},{"start":{},"end":{}}],"line":65},"3":{"loc":{"start":{"line":68,"column":4},"end":{"line":70,"column":5}},"type":"if","locations":[{"start":{"line":68,"column":4},"end":{"line":70,"column":5}},{"start":{},"end":{}}],"line":68},"4":{"loc":{"start":{"line":71,"column":4},"end":{"line":73,"column":5}},"type":"if","locations":[{"start":{"line":71,"column":4},"end":{"line":73,"column":5}},{"start":{},"end":{}}],"line":71},"5":{"loc":{"start":{"line":74,"column":4},"end":{"line":76,"column":5}},"type":"if","locations":[{"start":{"line":74,"column":4},"end":{"line":76,"column":5}},{"start":{},"end":{}}],"line":74},"6":{"loc":{"start":{"line":77,"column":4},"end":{"line":79,"column":5}},"type":"if","locations":[{"start":{"line":77,"column":4},"end":{"line":79,"column":5}},{"start":{},"end":{}}],"line":77},"7":{"loc":{"start":{"line":80,"column":4},"end":{"line":82,"column":5}},"type":"if","locations":[{"start":{"line":80,"column":4},"end":{"line":82,"column":5}},{"start":{},"end":{}}],"line":80},"8":{"loc":{"start":{"line":83,"column":4},"end":{"line":85,"column":5}},"type":"if","locations":[{"start":{"line":83,"column":4},"end":{"line":85,"column":5}},{"start":{},"end":{}}],"line":83},"9":{"loc":{"start":{"line":104,"column":4},"end":{"line":107,"column":5}},"type":"if","locations":[{"start":{"line":104,"column":4},"end":{"line":107,"column":5}},{"start":{},"end":{}}],"line":104}},"s":{"0":3,"1":3,"2":6,"3":6,"4":5,"5":1,"6":4,"7":1,"8":5,"9":5,"10":5,"11":0,"12":5,"13":4,"14":4,"15":4,"16":4,"17":1,"18":2,"19":2,"20":1,"21":2,"22":1,"23":2,"24":1,"25":2,"26":0,"27":2,"28":1,"29":2,"30":1,"31":2,"32":1,"33":2,"34":1,"35":1,"36":3,"37":3,"38":3,"39":1,"40":2,"41":1,"42":1,"43":1,"44":1,"45":3},"f":{"0":6,"1":5,"2":2,"3":3},"b":{"0":[1,4],"1":[0,5],"2":[1,1],"3":[1,1],"4":[1,1],"5":[0,2],"6":[1,1],"7":[1,1],"8":[1,1],"9":[1,2]},"_coverageSchema":"1a1c01bbd47fc00a2c39e90264f33305004495a9","hash":"e78d358099386abfd19708c2ed282b74fb513681"}
,"/Users/ccxu/Desktop/Coursework/ASE/project/w4156-project/controllers/notificationController.js": {"path":"/Users/ccxu/Desktop/Coursework/ASE/project/w4156-project/controllers/notificationController.js","statementMap":{"0":{"start":{"line":1,"column":21},"end":{"line":1,"column":54}},"1":{"start":{"line":2,"column":17},"end":{"line":2,"column":46}},"2":{"start":{"line":4,"column":18},"end":{"line":4,"column":53}},"3":{"start":{"line":5,"column":0},"end":{"line":5,"column":57}},"4":{"start":{"line":14,"column":2},"end":{"line":19,"column":3}},"5":{"start":{"line":15,"column":26},"end":{"line":15,"column":74}},"6":{"start":{"line":16,"column":4},"end":{"line":16,"column":28}},"7":{"start":{"line":18,"column":4},"end":{"line":18,"column":49}},"8":{"start":{"line":29,"column":2},"end":{"line":31,"column":5}},"9":{"start":{"line":40,"column":23},"end":{"line":44,"column":4}},"10":{"start":{"line":46,"column":19},"end":{"line":46,"column":63}},"11":{"start":{"line":48,"column":2},"end":{"line":62,"column":3}},"12":{"start":{"line":49,"column":28},"end":{"line":49,"column":53}},"13":{"start":{"line":51,"column":20},"end":{"line":51,"column":43}},"14":{"start":{"line":52,"column":26},"end":{"line":52,"column":71}},"15":{"start":{"line":53,"column":4},"end":{"line":57,"column":5}},"16":{"start":{"line":54,"column":6},"end":{"line":54,"column":38}},"17":{"start":{"line":56,"column":6},"end":{"line":56,"column":50}},"18":{"start":{"line":59,"column":4},"end":{"line":59,"column":42}},"19":{"start":{"line":61,"column":4},"end":{"line":61,"column":49}},"20":{"start":{"line":72,"column":2},"end":{"line":74,"column":3}},"21":{"start":{"line":73,"column":4},"end":{"line":73,"column":48}},"22":{"start":{"line":76,"column":2},"end":{"line":81,"column":3}},"23":{"start":{"line":77,"column":32},"end":{"line":77,"column":61}},"24":{"start":{"line":78,"column":4},"end":{"line":78,"column":34}},"25":{"start":{"line":80,"column":4},"end":{"line":80,"column":49}},"26":{"start":{"line":91,"column":2},"end":{"line":96,"column":3}},"27":{"start":{"line":92,"column":4},"end":{"line":92,"column":39}},"28":{"start":{"line":93,"column":4},"end":{"line":93,"column":20}},"29":{"start":{"line":95,"column":4},"end":{"line":95,"column":49}},"30":{"start":{"line":99,"column":0},"end":{"line":105,"column":2}}},"fnMap":{"0":{"name":"getAllController","decl":{"start":{"line":13,"column":15},"end":{"line":13,"column":31}},"loc":{"start":{"line":13,"column":42},"end":{"line":20,"column":1}},"line":13},"1":{"name":"getOneController","decl":{"start":{"line":28,"column":9},"end":{"line":28,"column":25}},"loc":{"start":{"line":28,"column":36},"end":{"line":32,"column":1}},"line":28},"2":{"name":"createController","decl":{"start":{"line":39,"column":15},"end":{"line":39,"column":31}},"loc":{"start":{"line":39,"column":42},"end":{"line":63,"column":1}},"line":39},"3":{"name":"patchController","decl":{"start":{"line":71,"column":15},"end":{"line":71,"column":30}},"loc":{"start":{"line":71,"column":41},"end":{"line":82,"column":1}},"line":71},"4":{"name":"deleteController","decl":{"start":{"line":90,"column":15},"end":{"line":90,"column":31}},"loc":{"start":{"line":90,"column":42},"end":{"line":97,"column":1}},"line":90}},"branchMap":{"0":{"loc":{"start":{"line":72,"column":2},"end":{"line":74,"column":3}},"type":"if","locations":[{"start":{"line":72,"column":2},"end":{"line":74,"column":3}},{"start":{},"end":{}}],"line":72}},"s":{"0":2,"1":2,"2":2,"3":2,"4":2,"5":2,"6":1,"7":1,"8":1,"9":0,"10":0,"11":0,"12":0,"13":0,"14":0,"15":0,"16":0,"17":0,"18":0,"19":0,"20":2,"21":1,"22":2,"23":2,"24":1,"25":1,"26":2,"27":2,"28":1,"29":1,"30":2},"f":{"0":2,"1":1,"2":0,"3":2,"4":2},"b":{"0":[1,1]},"_coverageSchema":"1a1c01bbd47fc00a2c39e90264f33305004495a9","hash":"57ab15974d1de27f46feb82201330d806bff9b61"}
,"/Users/ccxu/Desktop/Coursework/ASE/project/w4156-project/controllers/scheduleController.js": {"path":"/Users/ccxu/Desktop/Coursework/ASE/project/w4156-project/controllers/scheduleController.js","statementMap":{"0":{"start":{"line":1,"column":15},"end":{"line":1,"column":32}},"1":{"start":{"line":3,"column":19},"end":{"line":3,"column":52}},"2":{"start":{"line":4,"column":34},"end":{"line":4,"column":63}},"3":{"start":{"line":5,"column":17},"end":{"line":5,"column":46}},"4":{"start":{"line":6,"column":17},"end":{"line":6,"column":46}},"5":{"start":{"line":7,"column":13},"end":{"line":7,"column":38}},"6":{"start":{"line":17,"column":2},"end":{"line":31,"column":3}},"7":{"start":{"line":19,"column":17},"end":{"line":19,"column":50}},"8":{"start":{"line":20,"column":4},"end":{"line":23,"column":5}},"9":{"start":{"line":21,"column":6},"end":{"line":22,"column":54}},"10":{"start":{"line":25,"column":23},"end":{"line":25,"column":43}},"11":{"start":{"line":27,"column":22},"end":{"line":27,"column":67}},"12":{"start":{"line":28,"column":4},"end":{"line":28,"column":24}},"13":{"start":{"line":30,"column":4},"end":{"line":30,"column":49}},"14":{"start":{"line":42,"column":2},"end":{"line":44,"column":5}},"15":{"start":{"line":54,"column":19},"end":{"line":54,"column":67}},"16":{"start":{"line":55,"column":2},"end":{"line":60,"column":3}},"17":{"start":{"line":57,"column":4},"end":{"line":58,"column":36}},"18":{"start":{"line":59,"column":4},"end":{"line":59,"column":11}},"19":{"start":{"line":63,"column":2},"end":{"line":65,"column":5}},"20":{"start":{"line":67,"column":17},"end":{"line":69,"column":28}},"21":{"start":{"line":72,"column":2},"end":{"line":85,"column":3}},"22":{"start":{"line":73,"column":21},"end":{"line":73,"column":62}},"23":{"start":{"line":75,"column":18},"end":{"line":75,"column":67}},"24":{"start":{"line":77,"column":26},"end":{"line":81,"column":6}},"25":{"start":{"line":84,"column":4},"end":{"line":84,"column":40}},"26":{"start":{"line":88,"column":2},"end":{"line":94,"column":3}},"27":{"start":{"line":89,"column":24},"end":{"line":89,"column":45}},"28":{"start":{"line":90,"column":4},"end":{"line":90,"column":38}},"29":{"start":{"line":93,"column":4},"end":{"line":93,"column":49}},"30":{"start":{"line":104,"column":2},"end":{"line":104,"column":26}},"31":{"start":{"line":105,"column":2},"end":{"line":105,"column":26}},"32":{"start":{"line":108,"column":2},"end":{"line":164,"column":3}},"33":{"start":{"line":110,"column":21},"end":{"line":115,"column":6}},"34":{"start":{"line":117,"column":4},"end":{"line":124,"column":5}},"35":{"start":{"line":118,"column":6},"end":{"line":118,"column":32}},"36":{"start":{"line":120,"column":6},"end":{"line":122,"column":9}},"37":{"start":{"line":123,"column":6},"end":{"line":123,"column":13}},"38":{"start":{"line":127,"column":4},"end":{"line":136,"column":5}},"39":{"start":{"line":129,"column":6},"end":{"line":134,"column":9}},"40":{"start":{"line":135,"column":6},"end":{"line":135,"column":13}},"41":{"start":{"line":139,"column":4},"end":{"line":146,"column":5}},"42":{"start":{"line":140,"column":6},"end":{"line":144,"column":9}},"43":{"start":{"line":145,"column":6},"end":{"line":145,"column":13}},"44":{"start":{"line":149,"column":4},"end":{"line":151,"column":37}},"45":{"start":{"line":152,"column":4},"end":{"line":154,"column":37}},"46":{"start":{"line":156,"column":4},"end":{"line":163,"column":5}},"47":{"start":{"line":157,"column":6},"end":{"line":161,"column":9}},"48":{"start":{"line":162,"column":6},"end":{"line":162,"column":13}},"49":{"start":{"line":167,"column":2},"end":{"line":175,"column":3}},"50":{"start":{"line":168,"column":4},"end":{"line":171,"column":6}},"51":{"start":{"line":173,"column":4},"end":{"line":173,"column":49}},"52":{"start":{"line":174,"column":4},"end":{"line":174,"column":11}},"53":{"start":{"line":177,"column":2},"end":{"line":179,"column":5}},"54":{"start":{"line":189,"column":2},"end":{"line":194,"column":3}},"55":{"start":{"line":190,"column":4},"end":{"line":190,"column":35}},"56":{"start":{"line":191,"column":4},"end":{"line":191,"column":20}},"57":{"start":{"line":193,"column":4},"end":{"line":193,"column":49}},"58":{"start":{"line":198,"column":0},"end":{"line":204,"column":2}}},"fnMap":{"0":{"name":"getAllController","decl":{"start":{"line":16,"column":15},"end":{"line":16,"column":31}},"loc":{"start":{"line":16,"column":42},"end":{"line":32,"column":1}},"line":16},"1":{"name":"getOneController","decl":{"start":{"line":40,"column":15},"end":{"line":40,"column":31}},"loc":{"start":{"line":40,"column":42},"end":{"line":45,"column":1}},"line":40},"2":{"name":"createController","decl":{"start":{"line":52,"column":15},"end":{"line":52,"column":31}},"loc":{"start":{"line":52,"column":42},"end":{"line":95,"column":1}},"line":52},"3":{"name":"patchController","decl":{"start":{"line":103,"column":15},"end":{"line":103,"column":30}},"loc":{"start":{"line":103,"column":41},"end":{"line":180,"column":1}},"line":103},"4":{"name":"deleteController","decl":{"start":{"line":188,"column":15},"end":{"line":188,"column":31}},"loc":{"start":{"line":188,"column":42},"end":{"line":195,"column":1}},"line":188}},"branchMap":{"0":{"loc":{"start":{"line":20,"column":4},"end":{"line":23,"column":5}},"type":"if","locations":[{"start":{"line":20,"column":4},"end":{"line":23,"column":5}},{"start":{},"end":{}}],"line":20},"1":{"loc":{"start":{"line":55,"column":2},"end":{"line":60,"column":3}},"type":"if","locations":[{"start":{"line":55,"column":2},"end":{"line":60,"column":3}},{"start":{},"end":{}}],"line":55},"2":{"loc":{"start":{"line":127,"column":4},"end":{"line":136,"column":5}},"type":"if","locations":[{"start":{"line":127,"column":4},"end":{"line":136,"column":5}},{"start":{},"end":{}}],"line":127},"3":{"loc":{"start":{"line":127,"column":8},"end":{"line":128,"column":47}},"type":"binary-expr","locations":[{"start":{"line":127,"column":8},"end":{"line":127,"column":53}},{"start":{"line":128,"column":4},"end":{"line":128,"column":47}}],"line":127},"4":{"loc":{"start":{"line":139,"column":4},"end":{"line":146,"column":5}},"type":"if","locations":[{"start":{"line":139,"column":4},"end":{"line":146,"column":5}},{"start":{},"end":{}}],"line":139},"5":{"loc":{"start":{"line":156,"column":4},"end":{"line":163,"column":5}},"type":"if","locations":[{"start":{"line":156,"column":4},"end":{"line":163,"column":5}},{"start":{},"end":{}}],"line":156},"6":{"loc":{"start":{"line":156,"column":8},"end":{"line":156,"column":32}},"type":"binary-expr","locations":[{"start":{"line":156,"column":8},"end":{"line":156,"column":19}},{"start":{"line":156,"column":23},"end":{"line":156,"column":32}}],"line":156}},"s":{"0":2,"1":2,"2":2,"3":2,"4":2,"5":2,"6":2,"7":2,"8":2,"9":0,"10":2,"11":2,"12":1,"13":1,"14":1,"15":2,"16":2,"17":1,"18":1,"19":1,"20":1,"21":1,"22":3,"23":3,"24":3,"25":3,"26":1,"27":1,"28":1,"29":0,"30":5,"31":5,"32":5,"33":5,"34":5,"35":5,"36":1,"37":1,"38":4,"39":1,"40":1,"41":3,"42":1,"43":1,"44":2,"45":2,"46":2,"47":1,"48":1,"49":1,"50":1,"51":1,"52":1,"53":0,"54":2,"55":2,"56":1,"57":1,"58":2},"f":{"0":2,"1":1,"2":2,"3":5,"4":2},"b":{"0":[0,2],"1":[1,1],"2":[1,3],"3":[4,3],"4":[1,2],"5":[1,1],"6":[2,2]},"_coverageSchema":"1a1c01bbd47fc00a2c39e90264f33305004495a9","hash":"8f17ab96294af843fd77188d86fbd7e9cc9d58b5"}
,"/Users/ccxu/Desktop/Coursework/ASE/project/w4156-project/middlewares/verifyAuth.js": {"path":"/Users/ccxu/Desktop/Coursework/ASE/project/w4156-project/middlewares/verifyAuth.js","statementMap":{"0":{"start":{"line":1,"column":12},"end":{"line":1,"column":35}},"1":{"start":{"line":3,"column":0},"end":{"line":21,"column":2}},"2":{"start":{"line":4,"column":22},"end":{"line":4,"column":49}},"3":{"start":{"line":5,"column":2},"end":{"line":8,"column":3}},"4":{"start":{"line":6,"column":4},"end":{"line":7,"column":61}},"5":{"start":{"line":11,"column":16},"end":{"line":11,"column":41}},"6":{"start":{"line":13,"column":2},"end":{"line":20,"column":3}},"7":{"start":{"line":14,"column":21},"end":{"line":14,"column":62}},"8":{"start":{"line":15,"column":4},"end":{"line":15,"column":24}},"9":{"start":{"line":16,"column":4},"end":{"line":16,"column":11}},"10":{"start":{"line":18,"column":4},"end":{"line":19,"column":33}}},"fnMap":{"0":{"name":"(anonymous_0)","decl":{"start":{"line":3,"column":17},"end":{"line":3,"column":18}},"loc":{"start":{"line":3,"column":37},"end":{"line":21,"column":1}},"line":3}},"branchMap":{"0":{"loc":{"start":{"line":5,"column":2},"end":{"line":8,"column":3}},"type":"if","locations":[{"start":{"line":5,"column":2},"end":{"line":8,"column":3}},{"start":{},"end":{}}],"line":5}},"s":{"0":1,"1":1,"2":9,"3":9,"4":0,"5":9,"6":9,"7":9,"8":9,"9":9,"10":0},"f":{"0":9},"b":{"0":[0,9]},"_coverageSchema":"1a1c01bbd47fc00a2c39e90264f33305004495a9","hash":"1f14596dbffc7f4bf9966b7330ef334c333564e4"}
,"/Users/ccxu/Desktop/Coursework/ASE/project/w4156-project/models/Employee.js": {"path":"/Users/ccxu/Desktop/Coursework/ASE/project/w4156-project/models/Employee.js","statementMap":{"0":{"start":{"line":1,"column":17},"end":{"line":1,"column":36}},"1":{"start":{"line":3,"column":19},"end":{"line":3,"column":71}},"2":{"start":{"line":4,"column":19},"end":{"line":4,"column":68}},"3":{"start":{"line":6,"column":23},"end":{"line":58,"column":2}},"4":{"start":{"line":19,"column":28},"end":{"line":19,"column":50}},"5":{"start":{"line":20,"column":26},"end":{"line":20,"column":72}},"6":{"start":{"line":27,"column":24},"end":{"line":27,"column":42}},"7":{"start":{"line":28,"column":26},"end":{"line":28,"column":71}},"8":{"start":{"line":60,"column":17},"end":{"line":60,"column":59}},"9":{"start":{"line":62,"column":0},"end":{"line":62,"column":26}}},"fnMap":{"0":{"name":"(anonymous_0)","decl":{"start":{"line":19,"column":17},"end":{"line":19,"column":18}},"loc":{"start":{"line":19,"column":28},"end":{"line":19,"column":50}},"line":19},"1":{"name":"(anonymous_1)","decl":{"start":{"line":20,"column":15},"end":{"line":20,"column":16}},"loc":{"start":{"line":20,"column":26},"end":{"line":20,"column":72}},"line":20},"2":{"name":"(anonymous_2)","decl":{"start":{"line":27,"column":17},"end":{"line":27,"column":18}},"loc":{"start":{"line":27,"column":24},"end":{"line":27,"column":42}},"line":27},"3":{"name":"(anonymous_3)","decl":{"start":{"line":28,"column":15},"end":{"line":28,"column":16}},"loc":{"start":{"line":28,"column":26},"end":{"line":28,"column":71}},"line":28}},"branchMap":{},"s":{"0":5,"1":5,"2":5,"3":5,"4":4,"5":1,"6":4,"7":1,"8":5,"9":5},"f":{"0":4,"1":1,"2":4,"3":1},"b":{},"_coverageSchema":"1a1c01bbd47fc00a2c39e90264f33305004495a9","hash":"bb662fda3ef4e094524c9f29d2ccb01ae7079c66"}
,"/Users/ccxu/Desktop/Coursework/ASE/project/w4156-project/models/Facility.js": {"path":"/Users/ccxu/Desktop/Coursework/ASE/project/w4156-project/models/Facility.js","statementMap":{"0":{"start":{"line":1,"column":17},"end":{"line":1,"column":36}},"1":{"start":{"line":3,"column":23},"end":{"line":55,"column":18}},"2":{"start":{"line":57,"column":17},"end":{"line":57,"column":59}},"3":{"start":{"line":71,"column":0},"end":{"line":71,"column":26}}},"fnMap":{},"branchMap":{},"s":{"0":5,"1":5,"2":5,"3":5},"f":{},"b":{},"_coverageSchema":"1a1c01bbd47fc00a2c39e90264f33305004495a9","hash":"a43d08bd0ee0e5ac0ae21bb336baa084aa068ed5"}
,"/Users/ccxu/Desktop/Coursework/ASE/project/w4156-project/models/Notification.js": {"path":"/Users/ccxu/Desktop/Coursework/ASE/project/w4156-project/models/Notification.js","statementMap":{"0":{"start":{"line":1,"column":17},"end":{"line":1,"column":36}},"1":{"start":{"line":3,"column":27},"end":{"line":25,"column":2}},"2":{"start":{"line":27,"column":21},"end":{"line":27,"column":71}},"3":{"start":{"line":29,"column":0},"end":{"line":29,"column":30}}},"fnMap":{},"branchMap":{},"s":{"0":3,"1":3,"2":3,"3":3},"f":{},"b":{},"_coverageSchema":"1a1c01bbd47fc00a2c39e90264f33305004495a9","hash":"9f07322816c97b773e0fa67124a7901c1c7417bd"}
,"/Users/ccxu/Desktop/Coursework/ASE/project/w4156-project/models/Schedule.js": {"path":"/Users/ccxu/Desktop/Coursework/ASE/project/w4156-project/models/Schedule.js","statementMap":{"0":{"start":{"line":1,"column":17},"end":{"line":1,"column":36}},"1":{"start":{"line":4,"column":28},"end":{"line":23,"column":2}},"2":{"start":{"line":26,"column":23},"end":{"line":52,"column":2}},"3":{"start":{"line":56,"column":17},"end":{"line":56,"column":59}},"4":{"start":{"line":57,"column":22},"end":{"line":57,"column":74}},"5":{"start":{"line":59,"column":0},"end":{"line":59,"column":43}}},"fnMap":{},"branchMap":{},"s":{"0":3,"1":3,"2":3,"3":3,"4":3,"5":3},"f":{},"b":{},"_coverageSchema":"1a1c01bbd47fc00a2c39e90264f33305004495a9","hash":"3243837c7c67b8860be18e5be940223194701de8"}
,"/Users/ccxu/Desktop/Coursework/ASE/project/w4156-project/models/User.js": {"path":"/Users/ccxu/Desktop/Coursework/ASE/project/w4156-project/models/User.js","statementMap":{"0":{"start":{"line":1,"column":17},"end":{"line":1,"column":36}},"1":{"start":{"line":3,"column":19},"end":{"line":28,"column":2}},"2":{"start":{"line":30,"column":0},"end":{"line":30,"column":52}}},"fnMap":{},"branchMap":{},"s":{"0":5,"1":5,"2":5},"f":{},"b":{},"_coverageSchema":"1a1c01bbd47fc00a2c39e90264f33305004495a9","hash":"808f469f9f3ffc7210050644f930043cbe1cdf5e"}
,"/Users/ccxu/Desktop/Coursework/ASE/project/w4156-project/routes/auth.js": {"path":"/Users/ccxu/Desktop/Coursework/ASE/project/w4156-project/routes/auth.js","statementMap":{"0":{"start":{"line":1,"column":16},"end":{"line":1,"column":34}},"1":{"start":{"line":3,"column":15},"end":{"line":3,"column":31}},"2":{"start":{"line":4,"column":23},"end":{"line":4,"column":63}},"3":{"start":{"line":6,"column":0},"end":{"line":6,"column":46}},"4":{"start":{"line":7,"column":0},"end":{"line":7,"column":44}},"5":{"start":{"line":9,"column":0},"end":{"line":9,"column":24}}},"fnMap":{},"branchMap":{},"s":{"0":1,"1":1,"2":1,"3":1,"4":1,"5":1},"f":{},"b":{},"_coverageSchema":"1a1c01bbd47fc00a2c39e90264f33305004495a9","hash":"b35b300736dcfaea1c5e305bf51fc93d5e8ae472"}
,"/Users/ccxu/Desktop/Coursework/ASE/project/w4156-project/routes/employees.js": {"path":"/Users/ccxu/Desktop/Coursework/ASE/project/w4156-project/routes/employees.js","statementMap":{"0":{"start":{"line":1,"column":16},"end":{"line":1,"column":34}},"1":{"start":{"line":3,"column":15},"end":{"line":3,"column":31}},"2":{"start":{"line":4,"column":17},"end":{"line":4,"column":46}},"3":{"start":{"line":6,"column":27},"end":{"line":6,"column":71}},"4":{"start":{"line":10,"column":0},"end":{"line":10,"column":53}},"5":{"start":{"line":13,"column":0},"end":{"line":13,"column":69}},"6":{"start":{"line":16,"column":0},"end":{"line":16,"column":54}},"7":{"start":{"line":19,"column":0},"end":{"line":19,"column":70}},"8":{"start":{"line":22,"column":0},"end":{"line":22,"column":72}},"9":{"start":{"line":35,"column":2},"end":{"line":42,"column":3}},"10":{"start":{"line":36,"column":4},"end":{"line":36,"column":54}},"11":{"start":{"line":37,"column":4},"end":{"line":39,"column":5}},"12":{"start":{"line":38,"column":6},"end":{"line":38,"column":73}},"13":{"start":{"line":41,"column":4},"end":{"line":41,"column":56}},"14":{"start":{"line":44,"column":2},"end":{"line":44,"column":26}},"15":{"start":{"line":45,"column":2},"end":{"line":45,"column":9}},"16":{"start":{"line":48,"column":0},"end":{"line":48,"column":39}}},"fnMap":{"0":{"name":"getEmployee","decl":{"start":{"line":33,"column":15},"end":{"line":33,"column":26}},"loc":{"start":{"line":33,"column":43},"end":{"line":46,"column":1}},"line":33}},"branchMap":{"0":{"loc":{"start":{"line":37,"column":4},"end":{"line":39,"column":5}},"type":"if","locations":[{"start":{"line":37,"column":4},"end":{"line":39,"column":5}},{"start":{},"end":{}}],"line":37}},"s":{"0":2,"1":2,"2":2,"3":2,"4":2,"5":2,"6":2,"7":2,"8":2,"9":2,"10":2,"11":2,"12":1,"13":0,"14":1,"15":1,"16":2},"f":{"0":2},"b":{"0":[1,1]},"_coverageSchema":"1a1c01bbd47fc00a2c39e90264f33305004495a9","hash":"6a5443c4e554905e035922c667d829996af1d531"}
,"/Users/ccxu/Desktop/Coursework/ASE/project/w4156-project/routes/facilities.js": {"path":"/Users/ccxu/Desktop/Coursework/ASE/project/w4156-project/routes/facilities.js","statementMap":{"0":{"start":{"line":1,"column":16},"end":{"line":1,"column":34}},"1":{"start":{"line":3,"column":15},"end":{"line":3,"column":31}},"2":{"start":{"line":4,"column":17},"end":{"line":4,"column":46}},"3":{"start":{"line":5,"column":27},"end":{"line":5,"column":71}},"4":{"start":{"line":8,"column":0},"end":{"line":8,"column":50}},"5":{"start":{"line":11,"column":0},"end":{"line":11,"column":54}},"6":{"start":{"line":14,"column":0},"end":{"line":14,"column":67}},"7":{"start":{"line":17,"column":0},"end":{"line":17,"column":56}},"8":{"start":{"line":34,"column":2},"end":{"line":44,"column":3}},"9":{"start":{"line":35,"column":4},"end":{"line":35,"column":63}},"10":{"start":{"line":36,"column":4},"end":{"line":39,"column":5}},"11":{"start":{"line":38,"column":6},"end":{"line":38,"column":81}},"12":{"start":{"line":40,"column":4},"end":{"line":40,"column":28}},"13":{"start":{"line":41,"column":4},"end":{"line":41,"column":11}},"14":{"start":{"line":43,"column":4},"end":{"line":43,"column":56}},"15":{"start":{"line":47,"column":0},"end":{"line":47,"column":39}}},"fnMap":{"0":{"name":"getFacility","decl":{"start":{"line":32,"column":15},"end":{"line":32,"column":26}},"loc":{"start":{"line":32,"column":43},"end":{"line":45,"column":1}},"line":32}},"branchMap":{"0":{"loc":{"start":{"line":36,"column":4},"end":{"line":39,"column":5}},"type":"if","locations":[{"start":{"line":36,"column":4},"end":{"line":39,"column":5}},{"start":{},"end":{}}],"line":36}},"s":{"0":3,"1":3,"2":3,"3":3,"4":3,"5":3,"6":3,"7":3,"8":3,"9":3,"10":2,"11":1,"12":1,"13":1,"14":1,"15":3},"f":{"0":3},"b":{"0":[1,1]},"_coverageSchema":"1a1c01bbd47fc00a2c39e90264f33305004495a9","hash":"0738b18929beb620705761ac4565387381f0aa62"}
,"/Users/ccxu/Desktop/Coursework/ASE/project/w4156-project/routes/notifications.js": {"path":"/Users/ccxu/Desktop/Coursework/ASE/project/w4156-project/routes/notifications.js","statementMap":{"0":{"start":{"line":1,"column":16},"end":{"line":1,"column":34}},"1":{"start":{"line":3,"column":15},"end":{"line":3,"column":31}},"2":{"start":{"line":4,"column":21},"end":{"line":4,"column":54}},"3":{"start":{"line":6,"column":31},"end":{"line":6,"column":79}},"4":{"start":{"line":10,"column":0},"end":{"line":10,"column":57}},"5":{"start":{"line":13,"column":0},"end":{"line":13,"column":77}},"6":{"start":{"line":16,"column":0},"end":{"line":16,"column":58}},"7":{"start":{"line":19,"column":0},"end":{"line":19,"column":78}},"8":{"start":{"line":22,"column":0},"end":{"line":22,"column":80}},"9":{"start":{"line":35,"column":2},"end":{"line":42,"column":3}},"10":{"start":{"line":36,"column":4},"end":{"line":36,"column":62}},"11":{"start":{"line":37,"column":4},"end":{"line":39,"column":5}},"12":{"start":{"line":38,"column":6},"end":{"line":38,"column":77}},"13":{"start":{"line":41,"column":4},"end":{"line":41,"column":56}},"14":{"start":{"line":44,"column":2},"end":{"line":44,"column":34}},"15":{"start":{"line":45,"column":2},"end":{"line":45,"column":9}},"16":{"start":{"line":49,"column":0},"end":{"line":49,"column":43}}},"fnMap":{"0":{"name":"getNotification","decl":{"start":{"line":33,"column":15},"end":{"line":33,"column":30}},"loc":{"start":{"line":33,"column":47},"end":{"line":46,"column":1}},"line":33}},"branchMap":{"0":{"loc":{"start":{"line":37,"column":4},"end":{"line":39,"column":5}},"type":"if","locations":[{"start":{"line":37,"column":4},"end":{"line":39,"column":5}},{"start":{},"end":{}}],"line":37}},"s":{"0":2,"1":2,"2":2,"3":2,"4":2,"5":2,"6":2,"7":2,"8":2,"9":2,"10":2,"11":2,"12":1,"13":0,"14":1,"15":1,"16":2},"f":{"0":2},"b":{"0":[1,1]},"_coverageSchema":"1a1c01bbd47fc00a2c39e90264f33305004495a9","hash":"35a44da01024e2b6342406dd64eef4bda0be3e51"}
,"/Users/ccxu/Desktop/Coursework/ASE/project/w4156-project/routes/schedules.js": {"path":"/Users/ccxu/Desktop/Coursework/ASE/project/w4156-project/routes/schedules.js","statementMap":{"0":{"start":{"line":1,"column":16},"end":{"line":1,"column":34}},"1":{"start":{"line":4,"column":15},"end":{"line":4,"column":31}},"2":{"start":{"line":6,"column":19},"end":{"line":6,"column":48}},"3":{"start":{"line":7,"column":13},"end":{"line":7,"column":38}},"4":{"start":{"line":8,"column":27},"end":{"line":8,"column":71}},"5":{"start":{"line":9,"column":22},"end":{"line":9,"column":45}},"6":{"start":{"line":13,"column":0},"end":{"line":13,"column":53}},"7":{"start":{"line":16,"column":0},"end":{"line":16,"column":69}},"8":{"start":{"line":19,"column":0},"end":{"line":19,"column":54}},"9":{"start":{"line":22,"column":0},"end":{"line":23,"column":40}},"10":{"start":{"line":26,"column":0},"end":{"line":26,"column":72}},"11":{"start":{"line":41,"column":2},"end":{"line":49,"column":3}},"12":{"start":{"line":42,"column":4},"end":{"line":42,"column":54}},"13":{"start":{"line":43,"column":4},"end":{"line":46,"column":5}},"14":{"start":{"line":45,"column":6},"end":{"line":45,"column":73}},"15":{"start":{"line":48,"column":4},"end":{"line":48,"column":56}},"16":{"start":{"line":52,"column":2},"end":{"line":63,"column":3}},"17":{"start":{"line":54,"column":17},"end":{"line":54,"column":50}},"18":{"start":{"line":55,"column":4},"end":{"line":58,"column":5}},"19":{"start":{"line":56,"column":6},"end":{"line":57,"column":41}},"20":{"start":{"line":60,"column":4},"end":{"line":60,"column":40}},"21":{"start":{"line":62,"column":4},"end":{"line":62,"column":49}},"22":{"start":{"line":65,"column":2},"end":{"line":67,"column":3}},"23":{"start":{"line":66,"column":4},"end":{"line":66,"column":66}},"24":{"start":{"line":69,"column":2},"end":{"line":69,"column":26}},"25":{"start":{"line":71,"column":2},"end":{"line":71,"column":38}},"26":{"start":{"line":72,"column":2},"end":{"line":72,"column":9}},"27":{"start":{"line":75,"column":0},"end":{"line":75,"column":39}}},"fnMap":{"0":{"name":"getSchedule","decl":{"start":{"line":39,"column":15},"end":{"line":39,"column":26}},"loc":{"start":{"line":39,"column":43},"end":{"line":73,"column":1}},"line":39}},"branchMap":{"0":{"loc":{"start":{"line":43,"column":4},"end":{"line":46,"column":5}},"type":"if","locations":[{"start":{"line":43,"column":4},"end":{"line":46,"column":5}},{"start":{},"end":{}}],"line":43},"1":{"loc":{"start":{"line":55,"column":4},"end":{"line":58,"column":5}},"type":"if","locations":[{"start":{"line":55,"column":4},"end":{"line":58,"column":5}},{"start":{},"end":{}}],"line":55},"2":{"loc":{"start":{"line":65,"column":2},"end":{"line":67,"column":3}},"type":"if","locations":[{"start":{"line":65,"column":2},"end":{"line":67,"column":3}},{"start":{},"end":{}}],"line":65}},"s":{"0":2,"1":2,"2":2,"3":2,"4":2,"5":2,"6":2,"7":2,"8":2,"9":2,"10":2,"11":3,"12":3,"13":3,"14":1,"15":0,"16":2,"17":2,"18":2,"19":0,"20":2,"21":0,"22":2,"23":1,"24":1,"25":1,"26":1,"27":2},"f":{"0":3},"b":{"0":[1,2],"1":[0,2],"2":[1,1]},"_coverageSchema":"1a1c01bbd47fc00a2c39e90264f33305004495a9","hash":"bb217b0a7ddeb9dd64006e0c37c70b86449b0373"}
,"/Users/ccxu/Desktop/Coursework/ASE/project/w4156-project/routes/users.js": {"path":"/Users/ccxu/Desktop/Coursework/ASE/project/w4156-project/routes/users.js","statementMap":{"0":{"start":{"line":1,"column":16},"end":{"line":1,"column":34}},"1":{"start":{"line":3,"column":15},"end":{"line":3,"column":31}},"2":{"start":{"line":5,"column":13},"end":{"line":5,"column":38}},"3":{"start":{"line":8,"column":0},"end":{"line":15,"column":3}},"4":{"start":{"line":9,"column":2},"end":{"line":14,"column":3}},"5":{"start":{"line":10,"column":17},"end":{"line":10,"column":50}},"6":{"start":{"line":11,"column":4},"end":{"line":11,"column":31}},"7":{"start":{"line":13,"column":4},"end":{"line":13,"column":49}},"8":{"start":{"line":17,"column":0},"end":{"line":17,"column":24}}},"fnMap":{"0":{"name":"(anonymous_0)","decl":{"start":{"line":8,"column":16},"end":{"line":8,"column":17}},"loc":{"start":{"line":8,"column":36},"end":{"line":15,"column":1}},"line":8}},"branchMap":{},"s":{"0":1,"1":1,"2":1,"3":1,"4":3,"5":3,"6":3,"7":0,"8":1},"f":{"0":3},"b":{},"_coverageSchema":"1a1c01bbd47fc00a2c39e90264f33305004495a9","hash":"5a7a7e10c785a4aad7fb51292c3e6650f9fe546e"}
,"/Users/ccxu/Desktop/Coursework/ASE/project/w4156-project/services/scheduling.js": {"path":"/Users/ccxu/Desktop/Coursework/ASE/project/w4156-project/services/scheduling.js","statementMap":{"0":{"start":{"line":2,"column":15},"end":{"line":2,"column":32}},"1":{"start":{"line":17,"column":2},"end":{"line":17,"column":33}},"2":{"start":{"line":18,"column":2},"end":{"line":18,"column":29}},"3":{"start":{"line":21,"column":2},"end":{"line":21,"column":55}},"4":{"start":{"line":24,"column":2},"end":{"line":24,"column":14}},"5":{"start":{"line":25,"column":2},"end":{"line":30,"column":3}},"6":{"start":{"line":25,"column":15},"end":{"line":25,"column":16}},"7":{"start":{"line":26,"column":4},"end":{"line":29,"column":7}},"8":{"start":{"line":32,"column":2},"end":{"line":32,"column":16}},"9":{"start":{"line":47,"column":2},"end":{"line":47,"column":33}},"10":{"start":{"line":48,"column":2},"end":{"line":48,"column":29}},"11":{"start":{"line":51,"column":2},"end":{"line":51,"column":51}},"12":{"start":{"line":54,"column":2},"end":{"line":54,"column":63}},"13":{"start":{"line":58,"column":0},"end":{"line":61,"column":2}}},"fnMap":{"0":{"name":"computeShifts","decl":{"start":{"line":15,"column":9},"end":{"line":15,"column":22}},"loc":{"start":{"line":15,"column":46},"end":{"line":33,"column":1}},"line":15},"1":{"name":"isOperatingTime","decl":{"start":{"line":45,"column":9},"end":{"line":45,"column":24}},"loc":{"start":{"line":45,"column":53},"end":{"line":55,"column":1}},"line":45}},"branchMap":{},"s":{"0":3,"1":3,"2":3,"3":3,"4":3,"5":3,"6":3,"7":6,"8":3,"9":8,"10":8,"11":8,"12":8,"13":3},"f":{"0":3,"1":8},"b":{},"_coverageSchema":"1a1c01bbd47fc00a2c39e90264f33305004495a9","hash":"a2a66882f27ccfe759dea7722d16b3398425864a"}
,"/Users/ccxu/Desktop/Coursework/ASE/project/w4156-project/services/twilioClient.js": {"path":"/Users/ccxu/Desktop/Coursework/ASE/project/w4156-project/services/twilioClient.js","statementMap":{"0":{"start":{"line":3,"column":15},"end":{"line":3,"column":32}},"1":{"start":{"line":4,"column":0},"end":{"line":4,"column":56}},"2":{"start":{"line":6,"column":19},"end":{"line":6,"column":49}},"3":{"start":{"line":7,"column":18},"end":{"line":7,"column":47}},"4":{"start":{"line":8,"column":21},"end":{"line":8,"column":50}},"5":{"start":{"line":17,"column":2},"end":{"line":24,"column":46}},"6":{"start":{"line":23,"column":25},"end":{"line":23,"column":49}},"7":{"start":{"line":24,"column":24},"end":{"line":24,"column":44}},"8":{"start":{"line":28,"column":0},"end":{"line":28,"column":27}}},"fnMap":{"0":{"name":"sendSMS","decl":{"start":{"line":16,"column":9},"end":{"line":16,"column":16}},"loc":{"start":{"line":16,"column":39},"end":{"line":25,"column":1}},"line":16},"1":{"name":"(anonymous_1)","decl":{"start":{"line":23,"column":12},"end":{"line":23,"column":13}},"loc":{"start":{"line":23,"column":25},"end":{"line":23,"column":49}},"line":23},"2":{"name":"(anonymous_2)","decl":{"start":{"line":24,"column":13},"end":{"line":24,"column":14}},"loc":{"start":{"line":24,"column":24},"end":{"line":24,"column":44}},"line":24}},"branchMap":{},"s":{"0":2,"1":2,"2":2,"3":2,"4":2,"5":0,"6":0,"7":0,"8":2},"f":{"0":0,"1":0,"2":0},"b":{},"_coverageSchema":"1a1c01bbd47fc00a2c39e90264f33305004495a9","hash":"922676f39603d5c1e48c9cdc96a6ee3636f4fd36"}
}
