{"/Users/serdar/Desktop/cu_fall_2023/w4156-ase/optistaff/models/Employee.js": {"path":"/Users/serdar/Desktop/cu_fall_2023/w4156-ase/optistaff/models/Employee.js","statementMap":{"0":{"start":{"line":1,"column":17},"end":{"line":1,"column":36}},"1":{"start":{"line":3,"column":19},"end":{"line":3,"column":71}},"2":{"start":{"line":4,"column":19},"end":{"line":4,"column":68}},"3":{"start":{"line":6,"column":23},"end":{"line":58,"column":2}},"4":{"start":{"line":19,"column":28},"end":{"line":19,"column":50}},"5":{"start":{"line":20,"column":26},"end":{"line":20,"column":72}},"6":{"start":{"line":27,"column":24},"end":{"line":27,"column":42}},"7":{"start":{"line":28,"column":26},"end":{"line":28,"column":71}},"8":{"start":{"line":60,"column":17},"end":{"line":60,"column":59}},"9":{"start":{"line":62,"column":0},"end":{"line":62,"column":26}}},"fnMap":{"0":{"name":"(anonymous_0)","decl":{"start":{"line":19,"column":17},"end":{"line":19,"column":18}},"loc":{"start":{"line":19,"column":28},"end":{"line":19,"column":50}},"line":19},"1":{"name":"(anonymous_1)","decl":{"start":{"line":20,"column":15},"end":{"line":20,"column":16}},"loc":{"start":{"line":20,"column":26},"end":{"line":20,"column":72}},"line":20},"2":{"name":"(anonymous_2)","decl":{"start":{"line":27,"column":17},"end":{"line":27,"column":18}},"loc":{"start":{"line":27,"column":24},"end":{"line":27,"column":42}},"line":27},"3":{"name":"(anonymous_3)","decl":{"start":{"line":28,"column":15},"end":{"line":28,"column":16}},"loc":{"start":{"line":28,"column":26},"end":{"line":28,"column":71}},"line":28}},"branchMap":{},"s":{"0":2,"1":2,"2":2,"3":2,"4":0,"5":0,"6":0,"7":0,"8":2,"9":2},"f":{"0":0,"1":0,"2":0,"3":0},"b":{},"_coverageSchema":"1a1c01bbd47fc00a2c39e90264f33305004495a9","hash":"293fec3e4ec8524d803c82bb17ab598fd31f6820"}
,"/Users/serdar/Desktop/cu_fall_2023/w4156-ase/optistaff/models/Facility.js": {"path":"/Users/serdar/Desktop/cu_fall_2023/w4156-ase/optistaff/models/Facility.js","statementMap":{"0":{"start":{"line":1,"column":17},"end":{"line":1,"column":36}},"1":{"start":{"line":3,"column":23},"end":{"line":57,"column":18}},"2":{"start":{"line":59,"column":17},"end":{"line":59,"column":59}},"3":{"start":{"line":65,"column":11},"end":{"line":65,"column":30}},"4":{"start":{"line":66,"column":0},"end":{"line":71,"column":3}},"5":{"start":{"line":67,"column":2},"end":{"line":70,"column":9}},"6":{"start":{"line":69,"column":8},"end":{"line":69,"column":57}},"7":{"start":{"line":73,"column":0},"end":{"line":73,"column":26}}},"fnMap":{"0":{"name":"(anonymous_0)","decl":{"start":{"line":66,"column":16},"end":{"line":66,"column":17}},"loc":{"start":{"line":66,"column":27},"end":{"line":71,"column":1}},"line":66},"1":{"name":"(anonymous_1)","decl":{"start":{"line":68,"column":13},"end":{"line":68,"column":14}},"loc":{"start":{"line":68,"column":22},"end":{"line":70,"column":7}},"line":68}},"branchMap":{},"s":{"0":3,"1":3,"2":3,"3":3,"4":3,"5":0,"6":0,"7":3},"f":{"0":0,"1":0},"b":{},"_coverageSchema":"1a1c01bbd47fc00a2c39e90264f33305004495a9","hash":"f1af58c760841aa4f610c4e411d59e47a1e85204"}
,"/Users/serdar/Desktop/cu_fall_2023/w4156-ase/optistaff/models/Notification.js": {"path":"/Users/serdar/Desktop/cu_fall_2023/w4156-ase/optistaff/models/Notification.js","statementMap":{"0":{"start":{"line":1,"column":17},"end":{"line":1,"column":36}},"1":{"start":{"line":3,"column":27},"end":{"line":25,"column":2}},"2":{"start":{"line":27,"column":21},"end":{"line":27,"column":71}},"3":{"start":{"line":29,"column":0},"end":{"line":29,"column":30}}},"fnMap":{},"branchMap":{},"s":{"0":1,"1":1,"2":1,"3":1},"f":{},"b":{},"_coverageSchema":"1a1c01bbd47fc00a2c39e90264f33305004495a9","hash":"848b33d470d1c65080bab63beb3b6b60a3ad6564"}
,"/Users/serdar/Desktop/cu_fall_2023/w4156-ase/optistaff/models/Schedule.js": {"path":"/Users/serdar/Desktop/cu_fall_2023/w4156-ase/optistaff/models/Schedule.js","statementMap":{"0":{"start":{"line":1,"column":17},"end":{"line":1,"column":36}},"1":{"start":{"line":4,"column":28},"end":{"line":23,"column":2}},"2":{"start":{"line":26,"column":23},"end":{"line":52,"column":2}},"3":{"start":{"line":56,"column":17},"end":{"line":56,"column":59}},"4":{"start":{"line":57,"column":22},"end":{"line":57,"column":74}},"5":{"start":{"line":59,"column":0},"end":{"line":59,"column":43}}},"fnMap":{},"branchMap":{},"s":{"0":1,"1":1,"2":1,"3":1,"4":1,"5":1},"f":{},"b":{},"_coverageSchema":"1a1c01bbd47fc00a2c39e90264f33305004495a9","hash":"fc86b32c3d72784ababb543c7dc680767ee45483"}
,"/Users/serdar/Desktop/cu_fall_2023/w4156-ase/optistaff/models/User.js": {"path":"/Users/serdar/Desktop/cu_fall_2023/w4156-ase/optistaff/models/User.js","statementMap":{"0":{"start":{"line":1,"column":17},"end":{"line":1,"column":36}},"1":{"start":{"line":3,"column":19},"end":{"line":28,"column":2}},"2":{"start":{"line":30,"column":0},"end":{"line":30,"column":52}}},"fnMap":{},"branchMap":{},"s":{"0":2,"1":2,"2":2},"f":{},"b":{},"_coverageSchema":"1a1c01bbd47fc00a2c39e90264f33305004495a9","hash":"a057fc1001af47154e1747593c2b505fd9597707"}
,"/Users/serdar/Desktop/cu_fall_2023/w4156-ase/optistaff/routes/employees.js": {"path":"/Users/serdar/Desktop/cu_fall_2023/w4156-ase/optistaff/routes/employees.js","statementMap":{"0":{"start":{"line":1,"column":16},"end":{"line":1,"column":34}},"1":{"start":{"line":3,"column":15},"end":{"line":3,"column":31}},"2":{"start":{"line":4,"column":17},"end":{"line":4,"column":46}},"3":{"start":{"line":5,"column":13},"end":{"line":5,"column":38}},"4":{"start":{"line":6,"column":17},"end":{"line":6,"column":46}},"5":{"start":{"line":9,"column":0},"end":{"line":22,"column":3}},"6":{"start":{"line":10,"column":2},"end":{"line":21,"column":3}},"7":{"start":{"line":11,"column":17},"end":{"line":11,"column":50}},"8":{"start":{"line":12,"column":4},"end":{"line":15,"column":5}},"9":{"start":{"line":14,"column":6},"end":{"line":14,"column":81}},"10":{"start":{"line":17,"column":22},"end":{"line":17,"column":77}},"11":{"start":{"line":18,"column":4},"end":{"line":18,"column":24}},"12":{"start":{"line":20,"column":4},"end":{"line":20,"column":49}},"13":{"start":{"line":25,"column":0},"end":{"line":27,"column":3}},"14":{"start":{"line":26,"column":2},"end":{"line":26,"column":25}},"15":{"start":{"line":30,"column":0},"end":{"line":56,"column":3}},"16":{"start":{"line":31,"column":2},"end":{"line":55,"column":3}},"17":{"start":{"line":32,"column":17},"end":{"line":32,"column":50}},"18":{"start":{"line":33,"column":4},"end":{"line":35,"column":5}},"19":{"start":{"line":34,"column":6},"end":{"line":34,"column":80}},"20":{"start":{"line":37,"column":21},"end":{"line":45,"column":6}},"21":{"start":{"line":47,"column":24},"end":{"line":47,"column":45}},"22":{"start":{"line":48,"column":4},"end":{"line":50,"column":7}},"23":{"start":{"line":52,"column":4},"end":{"line":52,"column":38}},"24":{"start":{"line":54,"column":4},"end":{"line":54,"column":49}},"25":{"start":{"line":59,"column":0},"end":{"line":82,"column":3}},"26":{"start":{"line":60,"column":2},"end":{"line":62,"column":3}},"27":{"start":{"line":61,"column":4},"end":{"line":61,"column":38}},"28":{"start":{"line":63,"column":2},"end":{"line":65,"column":3}},"29":{"start":{"line":64,"column":4},"end":{"line":64,"column":40}},"30":{"start":{"line":66,"column":2},"end":{"line":68,"column":3}},"31":{"start":{"line":67,"column":4},"end":{"line":67,"column":52}},"32":{"start":{"line":69,"column":2},"end":{"line":71,"column":3}},"33":{"start":{"line":70,"column":4},"end":{"line":70,"column":44}},"34":{"start":{"line":72,"column":2},"end":{"line":74,"column":3}},"35":{"start":{"line":73,"column":4},"end":{"line":73,"column":50}},"36":{"start":{"line":76,"column":2},"end":{"line":81,"column":3}},"37":{"start":{"line":77,"column":28},"end":{"line":77,"column":53}},"38":{"start":{"line":78,"column":4},"end":{"line":78,"column":30}},"39":{"start":{"line":80,"column":4},"end":{"line":80,"column":49}},"40":{"start":{"line":85,"column":0},"end":{"line":98,"column":3}},"41":{"start":{"line":86,"column":2},"end":{"line":97,"column":3}},"42":{"start":{"line":87,"column":23},"end":{"line":87,"column":46}},"43":{"start":{"line":88,"column":4},"end":{"line":88,"column":35}},"44":{"start":{"line":90,"column":4},"end":{"line":92,"column":7}},"45":{"start":{"line":94,"column":4},"end":{"line":94,"column":44}},"46":{"start":{"line":96,"column":4},"end":{"line":96,"column":49}},"47":{"start":{"line":116,"column":2},"end":{"line":126,"column":3}},"48":{"start":{"line":118,"column":4},"end":{"line":118,"column":83}},"49":{"start":{"line":119,"column":4},"end":{"line":121,"column":5}},"50":{"start":{"line":120,"column":6},"end":{"line":120,"column":73}},"51":{"start":{"line":122,"column":4},"end":{"line":122,"column":28}},"52":{"start":{"line":123,"column":4},"end":{"line":123,"column":11}},"53":{"start":{"line":125,"column":4},"end":{"line":125,"column":56}},"54":{"start":{"line":130,"column":0},"end":{"line":130,"column":39}}},"fnMap":{"0":{"name":"(anonymous_0)","decl":{"start":{"line":9,"column":16},"end":{"line":9,"column":17}},"loc":{"start":{"line":9,"column":36},"end":{"line":22,"column":1}},"line":9},"1":{"name":"(anonymous_1)","decl":{"start":{"line":25,"column":32},"end":{"line":25,"column":33}},"loc":{"start":{"line":25,"column":46},"end":{"line":27,"column":1}},"line":25},"2":{"name":"(anonymous_2)","decl":{"start":{"line":30,"column":17},"end":{"line":30,"column":18}},"loc":{"start":{"line":30,"column":37},"end":{"line":56,"column":1}},"line":30},"3":{"name":"(anonymous_3)","decl":{"start":{"line":59,"column":34},"end":{"line":59,"column":35}},"loc":{"start":{"line":59,"column":54},"end":{"line":82,"column":1}},"line":59},"4":{"name":"(anonymous_4)","decl":{"start":{"line":85,"column":35},"end":{"line":85,"column":36}},"loc":{"start":{"line":85,"column":55},"end":{"line":98,"column":1}},"line":85},"5":{"name":"getEmployee","decl":{"start":{"line":114,"column":15},"end":{"line":114,"column":26}},"loc":{"start":{"line":114,"column":43},"end":{"line":127,"column":1}},"line":114}},"branchMap":{"0":{"loc":{"start":{"line":12,"column":4},"end":{"line":15,"column":5}},"type":"if","locations":[{"start":{"line":12,"column":4},"end":{"line":15,"column":5}},{"start":{},"end":{}}],"line":12},"1":{"loc":{"start":{"line":33,"column":4},"end":{"line":35,"column":5}},"type":"if","locations":[{"start":{"line":33,"column":4},"end":{"line":35,"column":5}},{"start":{},"end":{}}],"line":33},"2":{"loc":{"start":{"line":60,"column":2},"end":{"line":62,"column":3}},"type":"if","locations":[{"start":{"line":60,"column":2},"end":{"line":62,"column":3}},{"start":{},"end":{}}],"line":60},"3":{"loc":{"start":{"line":63,"column":2},"end":{"line":65,"column":3}},"type":"if","locations":[{"start":{"line":63,"column":2},"end":{"line":65,"column":3}},{"start":{},"end":{}}],"line":63},"4":{"loc":{"start":{"line":66,"column":2},"end":{"line":68,"column":3}},"type":"if","locations":[{"start":{"line":66,"column":2},"end":{"line":68,"column":3}},{"start":{},"end":{}}],"line":66},"5":{"loc":{"start":{"line":69,"column":2},"end":{"line":71,"column":3}},"type":"if","locations":[{"start":{"line":69,"column":2},"end":{"line":71,"column":3}},{"start":{},"end":{}}],"line":69},"6":{"loc":{"start":{"line":72,"column":2},"end":{"line":74,"column":3}},"type":"if","locations":[{"start":{"line":72,"column":2},"end":{"line":74,"column":3}},{"start":{},"end":{}}],"line":72},"7":{"loc":{"start":{"line":119,"column":4},"end":{"line":121,"column":5}},"type":"if","locations":[{"start":{"line":119,"column":4},"end":{"line":121,"column":5}},{"start":{},"end":{}}],"line":119}},"s":{"0":1,"1":1,"2":1,"3":1,"4":1,"5":1,"6":0,"7":0,"8":0,"9":0,"10":0,"11":0,"12":0,"13":1,"14":0,"15":1,"16":0,"17":0,"18":0,"19":0,"20":0,"21":0,"22":0,"23":0,"24":0,"25":1,"26":0,"27":0,"28":0,"29":0,"30":0,"31":0,"32":0,"33":0,"34":0,"35":0,"36":0,"37":0,"38":0,"39":0,"40":1,"41":0,"42":0,"43":0,"44":0,"45":0,"46":0,"47":1,"48":1,"49":0,"50":0,"51":0,"52":0,"53":1,"54":1},"f":{"0":0,"1":0,"2":0,"3":0,"4":0,"5":1},"b":{"0":[0,0],"1":[0,0],"2":[0,0],"3":[0,0],"4":[0,0],"5":[0,0],"6":[0,0],"7":[0,0]},"_coverageSchema":"1a1c01bbd47fc00a2c39e90264f33305004495a9","hash":"cd4bf3cd1b64defba8ae605eb118e8a32b28ec5e"}
,"/Users/serdar/Desktop/cu_fall_2023/w4156-ase/optistaff/routes/facilities.js": {"path":"/Users/serdar/Desktop/cu_fall_2023/w4156-ase/optistaff/routes/facilities.js","statementMap":{"0":{"start":{"line":1,"column":16},"end":{"line":1,"column":34}},"1":{"start":{"line":3,"column":15},"end":{"line":3,"column":31}},"2":{"start":{"line":4,"column":17},"end":{"line":4,"column":46}},"3":{"start":{"line":5,"column":13},"end":{"line":5,"column":38}},"4":{"start":{"line":8,"column":0},"end":{"line":19,"column":3}},"5":{"start":{"line":9,"column":2},"end":{"line":18,"column":3}},"6":{"start":{"line":10,"column":17},"end":{"line":10,"column":78}},"7":{"start":{"line":11,"column":4},"end":{"line":14,"column":5}},"8":{"start":{"line":13,"column":6},"end":{"line":13,"column":81}},"9":{"start":{"line":15,"column":4},"end":{"line":15,"column":35}},"10":{"start":{"line":17,"column":4},"end":{"line":17,"column":49}},"11":{"start":{"line":22,"column":0},"end":{"line":47,"column":3}},"12":{"start":{"line":23,"column":2},"end":{"line":46,"column":3}},"13":{"start":{"line":24,"column":17},"end":{"line":24,"column":50}},"14":{"start":{"line":25,"column":4},"end":{"line":27,"column":5}},"15":{"start":{"line":26,"column":6},"end":{"line":26,"column":80}},"16":{"start":{"line":29,"column":21},"end":{"line":37,"column":6}},"17":{"start":{"line":39,"column":24},"end":{"line":39,"column":45}},"18":{"start":{"line":40,"column":4},"end":{"line":40,"column":43}},"19":{"start":{"line":41,"column":4},"end":{"line":41,"column":22}},"20":{"start":{"line":43,"column":4},"end":{"line":43,"column":38}},"21":{"start":{"line":45,"column":4},"end":{"line":45,"column":49}},"22":{"start":{"line":50,"column":0},"end":{"line":81,"column":3}},"23":{"start":{"line":51,"column":2},"end":{"line":80,"column":3}},"24":{"start":{"line":53,"column":4},"end":{"line":55,"column":5}},"25":{"start":{"line":54,"column":6},"end":{"line":54,"column":56}},"26":{"start":{"line":56,"column":4},"end":{"line":58,"column":5}},"27":{"start":{"line":57,"column":6},"end":{"line":57,"column":56}},"28":{"start":{"line":59,"column":4},"end":{"line":61,"column":5}},"29":{"start":{"line":60,"column":6},"end":{"line":60,"column":60}},"30":{"start":{"line":62,"column":4},"end":{"line":64,"column":5}},"31":{"start":{"line":63,"column":6},"end":{"line":63,"column":62}},"32":{"start":{"line":65,"column":4},"end":{"line":67,"column":5}},"33":{"start":{"line":66,"column":6},"end":{"line":66,"column":56}},"34":{"start":{"line":68,"column":4},"end":{"line":70,"column":5}},"35":{"start":{"line":69,"column":6},"end":{"line":69,"column":52}},"36":{"start":{"line":71,"column":4},"end":{"line":73,"column":5}},"37":{"start":{"line":72,"column":6},"end":{"line":72,"column":50}},"38":{"start":{"line":76,"column":28},"end":{"line":76,"column":53}},"39":{"start":{"line":77,"column":4},"end":{"line":77,"column":30}},"40":{"start":{"line":79,"column":4},"end":{"line":79,"column":49}},"41":{"start":{"line":84,"column":0},"end":{"line":100,"column":3}},"42":{"start":{"line":85,"column":2},"end":{"line":99,"column":3}},"43":{"start":{"line":86,"column":17},"end":{"line":86,"column":50}},"44":{"start":{"line":87,"column":4},"end":{"line":90,"column":5}},"45":{"start":{"line":89,"column":6},"end":{"line":89,"column":81}},"46":{"start":{"line":92,"column":4},"end":{"line":92,"column":58}},"47":{"start":{"line":93,"column":4},"end":{"line":93,"column":32}},"48":{"start":{"line":94,"column":4},"end":{"line":94,"column":22}},"49":{"start":{"line":96,"column":4},"end":{"line":96,"column":44}},"50":{"start":{"line":98,"column":4},"end":{"line":98,"column":49}},"51":{"start":{"line":117,"column":2},"end":{"line":127,"column":3}},"52":{"start":{"line":118,"column":4},"end":{"line":118,"column":63}},"53":{"start":{"line":119,"column":4},"end":{"line":122,"column":5}},"54":{"start":{"line":121,"column":6},"end":{"line":121,"column":81}},"55":{"start":{"line":123,"column":4},"end":{"line":123,"column":28}},"56":{"start":{"line":124,"column":4},"end":{"line":124,"column":11}},"57":{"start":{"line":126,"column":4},"end":{"line":126,"column":56}},"58":{"start":{"line":131,"column":0},"end":{"line":131,"column":39}}},"fnMap":{"0":{"name":"(anonymous_0)","decl":{"start":{"line":8,"column":16},"end":{"line":8,"column":17}},"loc":{"start":{"line":8,"column":36},"end":{"line":19,"column":1}},"line":8},"1":{"name":"(anonymous_1)","decl":{"start":{"line":22,"column":17},"end":{"line":22,"column":18}},"loc":{"start":{"line":22,"column":37},"end":{"line":47,"column":1}},"line":22},"2":{"name":"(anonymous_2)","decl":{"start":{"line":50,"column":31},"end":{"line":50,"column":32}},"loc":{"start":{"line":50,"column":51},"end":{"line":81,"column":1}},"line":50},"3":{"name":"(anonymous_3)","decl":{"start":{"line":84,"column":19},"end":{"line":84,"column":20}},"loc":{"start":{"line":84,"column":39},"end":{"line":100,"column":1}},"line":84},"4":{"name":"getFacility","decl":{"start":{"line":115,"column":15},"end":{"line":115,"column":26}},"loc":{"start":{"line":115,"column":43},"end":{"line":128,"column":1}},"line":115}},"branchMap":{"0":{"loc":{"start":{"line":11,"column":4},"end":{"line":14,"column":5}},"type":"if","locations":[{"start":{"line":11,"column":4},"end":{"line":14,"column":5}},{"start":{},"end":{}}],"line":11},"1":{"loc":{"start":{"line":25,"column":4},"end":{"line":27,"column":5}},"type":"if","locations":[{"start":{"line":25,"column":4},"end":{"line":27,"column":5}},{"start":{},"end":{}}],"line":25},"2":{"loc":{"start":{"line":53,"column":4},"end":{"line":55,"column":5}},"type":"if","locations":[{"start":{"line":53,"column":4},"end":{"line":55,"column":5}},{"start":{},"end":{}}],"line":53},"3":{"loc":{"start":{"line":56,"column":4},"end":{"line":58,"column":5}},"type":"if","locations":[{"start":{"line":56,"column":4},"end":{"line":58,"column":5}},{"start":{},"end":{}}],"line":56},"4":{"loc":{"start":{"line":59,"column":4},"end":{"line":61,"column":5}},"type":"if","locations":[{"start":{"line":59,"column":4},"end":{"line":61,"column":5}},{"start":{},"end":{}}],"line":59},"5":{"loc":{"start":{"line":62,"column":4},"end":{"line":64,"column":5}},"type":"if","locations":[{"start":{"line":62,"column":4},"end":{"line":64,"column":5}},{"start":{},"end":{}}],"line":62},"6":{"loc":{"start":{"line":65,"column":4},"end":{"line":67,"column":5}},"type":"if","locations":[{"start":{"line":65,"column":4},"end":{"line":67,"column":5}},{"start":{},"end":{}}],"line":65},"7":{"loc":{"start":{"line":68,"column":4},"end":{"line":70,"column":5}},"type":"if","locations":[{"start":{"line":68,"column":4},"end":{"line":70,"column":5}},{"start":{},"end":{}}],"line":68},"8":{"loc":{"start":{"line":71,"column":4},"end":{"line":73,"column":5}},"type":"if","locations":[{"start":{"line":71,"column":4},"end":{"line":73,"column":5}},{"start":{},"end":{}}],"line":71},"9":{"loc":{"start":{"line":87,"column":4},"end":{"line":90,"column":5}},"type":"if","locations":[{"start":{"line":87,"column":4},"end":{"line":90,"column":5}},{"start":{},"end":{}}],"line":87},"10":{"loc":{"start":{"line":119,"column":4},"end":{"line":122,"column":5}},"type":"if","locations":[{"start":{"line":119,"column":4},"end":{"line":122,"column":5}},{"start":{},"end":{}}],"line":119}},"s":{"0":1,"1":1,"2":1,"3":1,"4":1,"5":0,"6":0,"7":0,"8":0,"9":0,"10":0,"11":1,"12":0,"13":0,"14":0,"15":0,"16":0,"17":0,"18":0,"19":0,"20":0,"21":0,"22":1,"23":0,"24":0,"25":0,"26":0,"27":0,"28":0,"29":0,"30":0,"31":0,"32":0,"33":0,"34":0,"35":0,"36":0,"37":0,"38":0,"39":0,"40":0,"41":1,"42":0,"43":0,"44":0,"45":0,"46":0,"47":0,"48":0,"49":0,"50":0,"51":3,"52":3,"53":2,"54":1,"55":1,"56":1,"57":1,"58":1},"f":{"0":0,"1":0,"2":0,"3":0,"4":3},"b":{"0":[0,0],"1":[0,0],"2":[0,0],"3":[0,0],"4":[0,0],"5":[0,0],"6":[0,0],"7":[0,0],"8":[0,0],"9":[0,0],"10":[1,1]},"_coverageSchema":"1a1c01bbd47fc00a2c39e90264f33305004495a9","hash":"6d50e6fe3d54a72c8ef012a71a0278161f3dad31"}
,"/Users/serdar/Desktop/cu_fall_2023/w4156-ase/optistaff/routes/notifications.js": {"path":"/Users/serdar/Desktop/cu_fall_2023/w4156-ase/optistaff/routes/notifications.js","statementMap":{"0":{"start":{"line":1,"column":16},"end":{"line":1,"column":34}},"1":{"start":{"line":3,"column":15},"end":{"line":3,"column":31}},"2":{"start":{"line":4,"column":21},"end":{"line":4,"column":54}},"3":{"start":{"line":7,"column":0},"end":{"line":14,"column":3}},"4":{"start":{"line":8,"column":2},"end":{"line":13,"column":3}},"5":{"start":{"line":9,"column":26},"end":{"line":9,"column":51}},"6":{"start":{"line":10,"column":4},"end":{"line":10,"column":28}},"7":{"start":{"line":12,"column":4},"end":{"line":12,"column":49}},"8":{"start":{"line":17,"column":0},"end":{"line":19,"column":3}},"9":{"start":{"line":18,"column":2},"end":{"line":18,"column":29}},"10":{"start":{"line":22,"column":0},"end":{"line":33,"column":3}},"11":{"start":{"line":23,"column":23},"end":{"line":26,"column":4}},"12":{"start":{"line":27,"column":2},"end":{"line":32,"column":3}},"13":{"start":{"line":28,"column":28},"end":{"line":28,"column":53}},"14":{"start":{"line":29,"column":4},"end":{"line":29,"column":42}},"15":{"start":{"line":31,"column":4},"end":{"line":31,"column":49}},"16":{"start":{"line":36,"column":0},"end":{"line":50,"column":3}},"17":{"start":{"line":37,"column":2},"end":{"line":39,"column":3}},"18":{"start":{"line":38,"column":4},"end":{"line":38,"column":44}},"19":{"start":{"line":40,"column":2},"end":{"line":42,"column":3}},"20":{"start":{"line":41,"column":4},"end":{"line":41,"column":48}},"21":{"start":{"line":44,"column":2},"end":{"line":49,"column":3}},"22":{"start":{"line":45,"column":32},"end":{"line":45,"column":61}},"23":{"start":{"line":46,"column":4},"end":{"line":46,"column":34}},"24":{"start":{"line":48,"column":4},"end":{"line":48,"column":49}},"25":{"start":{"line":53,"column":0},"end":{"line":60,"column":3}},"26":{"start":{"line":54,"column":2},"end":{"line":59,"column":3}},"27":{"start":{"line":55,"column":4},"end":{"line":55,"column":39}},"28":{"start":{"line":56,"column":4},"end":{"line":56,"column":49}},"29":{"start":{"line":58,"column":4},"end":{"line":58,"column":49}},"30":{"start":{"line":73,"column":2},"end":{"line":80,"column":3}},"31":{"start":{"line":74,"column":4},"end":{"line":74,"column":62}},"32":{"start":{"line":75,"column":4},"end":{"line":77,"column":5}},"33":{"start":{"line":76,"column":6},"end":{"line":76,"column":77}},"34":{"start":{"line":79,"column":4},"end":{"line":79,"column":56}},"35":{"start":{"line":82,"column":2},"end":{"line":82,"column":34}},"36":{"start":{"line":83,"column":2},"end":{"line":83,"column":9}},"37":{"start":{"line":87,"column":0},"end":{"line":87,"column":43}}},"fnMap":{"0":{"name":"(anonymous_0)","decl":{"start":{"line":7,"column":16},"end":{"line":7,"column":17}},"loc":{"start":{"line":7,"column":36},"end":{"line":14,"column":1}},"line":7},"1":{"name":"(anonymous_1)","decl":{"start":{"line":17,"column":36},"end":{"line":17,"column":37}},"loc":{"start":{"line":17,"column":50},"end":{"line":19,"column":1}},"line":17},"2":{"name":"(anonymous_2)","decl":{"start":{"line":22,"column":17},"end":{"line":22,"column":18}},"loc":{"start":{"line":22,"column":37},"end":{"line":33,"column":1}},"line":22},"3":{"name":"(anonymous_3)","decl":{"start":{"line":36,"column":38},"end":{"line":36,"column":39}},"loc":{"start":{"line":36,"column":58},"end":{"line":50,"column":1}},"line":36},"4":{"name":"(anonymous_4)","decl":{"start":{"line":53,"column":39},"end":{"line":53,"column":40}},"loc":{"start":{"line":53,"column":59},"end":{"line":60,"column":1}},"line":53},"5":{"name":"getNotification","decl":{"start":{"line":71,"column":15},"end":{"line":71,"column":30}},"loc":{"start":{"line":71,"column":47},"end":{"line":84,"column":1}},"line":71}},"branchMap":{"0":{"loc":{"start":{"line":37,"column":2},"end":{"line":39,"column":3}},"type":"if","locations":[{"start":{"line":37,"column":2},"end":{"line":39,"column":3}},{"start":{},"end":{}}],"line":37},"1":{"loc":{"start":{"line":40,"column":2},"end":{"line":42,"column":3}},"type":"if","locations":[{"start":{"line":40,"column":2},"end":{"line":42,"column":3}},{"start":{},"end":{}}],"line":40},"2":{"loc":{"start":{"line":75,"column":4},"end":{"line":77,"column":5}},"type":"if","locations":[{"start":{"line":75,"column":4},"end":{"line":77,"column":5}},{"start":{},"end":{}}],"line":75}},"s":{"0":1,"1":1,"2":1,"3":1,"4":0,"5":0,"6":0,"7":0,"8":1,"9":0,"10":1,"11":0,"12":0,"13":0,"14":0,"15":0,"16":1,"17":0,"18":0,"19":0,"20":0,"21":0,"22":0,"23":0,"24":0,"25":1,"26":0,"27":0,"28":0,"29":0,"30":1,"31":1,"32":1,"33":0,"34":0,"35":1,"36":1,"37":1},"f":{"0":0,"1":0,"2":0,"3":0,"4":0,"5":1},"b":{"0":[0,0],"1":[0,0],"2":[0,1]},"_coverageSchema":"1a1c01bbd47fc00a2c39e90264f33305004495a9","hash":"820e3ae1930d2e1ba82b296f7be425e8875110f5"}
,"/Users/serdar/Desktop/cu_fall_2023/w4156-ase/optistaff/routes/schedules.js": {"path":"/Users/serdar/Desktop/cu_fall_2023/w4156-ase/optistaff/routes/schedules.js","statementMap":{"0":{"start":{"line":1,"column":16},"end":{"line":1,"column":34}},"1":{"start":{"line":2,"column":15},"end":{"line":2,"column":32}},"2":{"start":{"line":5,"column":15},"end":{"line":5,"column":31}},"3":{"start":{"line":7,"column":34},"end":{"line":7,"column":63}},"4":{"start":{"line":8,"column":17},"end":{"line":8,"column":46}},"5":{"start":{"line":9,"column":17},"end":{"line":9,"column":46}},"6":{"start":{"line":11,"column":19},"end":{"line":11,"column":51}},"7":{"start":{"line":15,"column":0},"end":{"line":22,"column":3}},"8":{"start":{"line":16,"column":2},"end":{"line":21,"column":3}},"9":{"start":{"line":17,"column":22},"end":{"line":17,"column":43}},"10":{"start":{"line":18,"column":4},"end":{"line":18,"column":24}},"11":{"start":{"line":20,"column":4},"end":{"line":20,"column":49}},"12":{"start":{"line":25,"column":0},"end":{"line":30,"column":3}},"13":{"start":{"line":26,"column":2},"end":{"line":29,"column":5}},"14":{"start":{"line":33,"column":0},"end":{"line":84,"column":3}},"15":{"start":{"line":35,"column":16},"end":{"line":35,"column":33}},"16":{"start":{"line":36,"column":19},"end":{"line":36,"column":64}},"17":{"start":{"line":37,"column":2},"end":{"line":41,"column":3}},"18":{"start":{"line":39,"column":4},"end":{"line":39,"column":73}},"19":{"start":{"line":40,"column":4},"end":{"line":40,"column":11}},"20":{"start":{"line":45,"column":2},"end":{"line":50,"column":3}},"21":{"start":{"line":46,"column":4},"end":{"line":46,"column":70}},"22":{"start":{"line":48,"column":4},"end":{"line":48,"column":49}},"23":{"start":{"line":49,"column":4},"end":{"line":49,"column":11}},"24":{"start":{"line":53,"column":2},"end":{"line":55,"column":5}},"25":{"start":{"line":57,"column":17},"end":{"line":59,"column":28}},"26":{"start":{"line":62,"column":2},"end":{"line":74,"column":3}},"27":{"start":{"line":64,"column":18},"end":{"line":64,"column":67}},"28":{"start":{"line":66,"column":26},"end":{"line":70,"column":6}},"29":{"start":{"line":73,"column":4},"end":{"line":73,"column":40}},"30":{"start":{"line":77,"column":2},"end":{"line":83,"column":3}},"31":{"start":{"line":78,"column":24},"end":{"line":78,"column":45}},"32":{"start":{"line":79,"column":4},"end":{"line":79,"column":38}},"33":{"start":{"line":82,"column":4},"end":{"line":82,"column":49}},"34":{"start":{"line":87,"column":0},"end":{"line":165,"column":3}},"35":{"start":{"line":88,"column":2},"end":{"line":88,"column":26}},"36":{"start":{"line":89,"column":2},"end":{"line":89,"column":26}},"37":{"start":{"line":92,"column":2},"end":{"line":149,"column":3}},"38":{"start":{"line":94,"column":21},"end":{"line":99,"column":6}},"39":{"start":{"line":101,"column":4},"end":{"line":109,"column":5}},"40":{"start":{"line":102,"column":6},"end":{"line":102,"column":32}},"41":{"start":{"line":104,"column":6},"end":{"line":107,"column":9}},"42":{"start":{"line":108,"column":6},"end":{"line":108,"column":13}},"43":{"start":{"line":112,"column":4},"end":{"line":121,"column":5}},"44":{"start":{"line":114,"column":6},"end":{"line":119,"column":9}},"45":{"start":{"line":120,"column":6},"end":{"line":120,"column":13}},"46":{"start":{"line":124,"column":4},"end":{"line":131,"column":5}},"47":{"start":{"line":125,"column":6},"end":{"line":129,"column":9}},"48":{"start":{"line":130,"column":6},"end":{"line":130,"column":13}},"49":{"start":{"line":134,"column":4},"end":{"line":136,"column":37}},"50":{"start":{"line":137,"column":4},"end":{"line":139,"column":37}},"51":{"start":{"line":141,"column":4},"end":{"line":148,"column":5}},"52":{"start":{"line":142,"column":6},"end":{"line":146,"column":9}},"53":{"start":{"line":147,"column":6},"end":{"line":147,"column":13}},"54":{"start":{"line":152,"column":2},"end":{"line":160,"column":3}},"55":{"start":{"line":153,"column":4},"end":{"line":156,"column":6}},"56":{"start":{"line":158,"column":4},"end":{"line":158,"column":49}},"57":{"start":{"line":159,"column":4},"end":{"line":159,"column":11}},"58":{"start":{"line":162,"column":2},"end":{"line":164,"column":5}},"59":{"start":{"line":168,"column":0},"end":{"line":175,"column":3}},"60":{"start":{"line":169,"column":2},"end":{"line":174,"column":3}},"61":{"start":{"line":170,"column":4},"end":{"line":170,"column":35}},"62":{"start":{"line":171,"column":4},"end":{"line":171,"column":44}},"63":{"start":{"line":173,"column":4},"end":{"line":173,"column":49}},"64":{"start":{"line":189,"column":2},"end":{"line":197,"column":3}},"65":{"start":{"line":190,"column":4},"end":{"line":190,"column":54}},"66":{"start":{"line":191,"column":4},"end":{"line":194,"column":5}},"67":{"start":{"line":193,"column":6},"end":{"line":193,"column":73}},"68":{"start":{"line":196,"column":4},"end":{"line":196,"column":56}},"69":{"start":{"line":199,"column":2},"end":{"line":199,"column":26}},"70":{"start":{"line":200,"column":2},"end":{"line":200,"column":9}},"71":{"start":{"line":214,"column":2},"end":{"line":221,"column":3}},"72":{"start":{"line":215,"column":4},"end":{"line":215,"column":64}},"73":{"start":{"line":216,"column":4},"end":{"line":218,"column":5}},"74":{"start":{"line":217,"column":6},"end":{"line":217,"column":73}},"75":{"start":{"line":220,"column":4},"end":{"line":220,"column":56}},"76":{"start":{"line":223,"column":2},"end":{"line":223,"column":26}},"77":{"start":{"line":224,"column":2},"end":{"line":224,"column":9}},"78":{"start":{"line":227,"column":0},"end":{"line":227,"column":39}}},"fnMap":{"0":{"name":"(anonymous_0)","decl":{"start":{"line":15,"column":16},"end":{"line":15,"column":17}},"loc":{"start":{"line":15,"column":36},"end":{"line":22,"column":1}},"line":15},"1":{"name":"(anonymous_1)","decl":{"start":{"line":25,"column":32},"end":{"line":25,"column":33}},"loc":{"start":{"line":25,"column":46},"end":{"line":30,"column":1}},"line":25},"2":{"name":"(anonymous_2)","decl":{"start":{"line":33,"column":17},"end":{"line":33,"column":18}},"loc":{"start":{"line":33,"column":37},"end":{"line":84,"column":1}},"line":33},"3":{"name":"(anonymous_3)","decl":{"start":{"line":87,"column":47},"end":{"line":87,"column":48}},"loc":{"start":{"line":87,"column":67},"end":{"line":165,"column":1}},"line":87},"4":{"name":"(anonymous_4)","decl":{"start":{"line":168,"column":35},"end":{"line":168,"column":36}},"loc":{"start":{"line":168,"column":55},"end":{"line":175,"column":1}},"line":168},"5":{"name":"getSchedule","decl":{"start":{"line":188,"column":15},"end":{"line":188,"column":26}},"loc":{"start":{"line":188,"column":43},"end":{"line":201,"column":1}},"line":188},"6":{"name":"getFacility","decl":{"start":{"line":213,"column":15},"end":{"line":213,"column":26}},"loc":{"start":{"line":213,"column":43},"end":{"line":225,"column":1}},"line":213}},"branchMap":{"0":{"loc":{"start":{"line":37,"column":2},"end":{"line":41,"column":3}},"type":"if","locations":[{"start":{"line":37,"column":2},"end":{"line":41,"column":3}},{"start":{},"end":{}}],"line":37},"1":{"loc":{"start":{"line":112,"column":4},"end":{"line":121,"column":5}},"type":"if","locations":[{"start":{"line":112,"column":4},"end":{"line":121,"column":5}},{"start":{},"end":{}}],"line":112},"2":{"loc":{"start":{"line":112,"column":8},"end":{"line":113,"column":47}},"type":"binary-expr","locations":[{"start":{"line":112,"column":8},"end":{"line":112,"column":53}},{"start":{"line":113,"column":4},"end":{"line":113,"column":47}}],"line":112},"3":{"loc":{"start":{"line":124,"column":4},"end":{"line":131,"column":5}},"type":"if","locations":[{"start":{"line":124,"column":4},"end":{"line":131,"column":5}},{"start":{},"end":{}}],"line":124},"4":{"loc":{"start":{"line":141,"column":4},"end":{"line":148,"column":5}},"type":"if","locations":[{"start":{"line":141,"column":4},"end":{"line":148,"column":5}},{"start":{},"end":{}}],"line":141},"5":{"loc":{"start":{"line":141,"column":8},"end":{"line":141,"column":32}},"type":"binary-expr","locations":[{"start":{"line":141,"column":8},"end":{"line":141,"column":19}},{"start":{"line":141,"column":23},"end":{"line":141,"column":32}}],"line":141},"6":{"loc":{"start":{"line":191,"column":4},"end":{"line":194,"column":5}},"type":"if","locations":[{"start":{"line":191,"column":4},"end":{"line":194,"column":5}},{"start":{},"end":{}}],"line":191},"7":{"loc":{"start":{"line":216,"column":4},"end":{"line":218,"column":5}},"type":"if","locations":[{"start":{"line":216,"column":4},"end":{"line":218,"column":5}},{"start":{},"end":{}}],"line":216}},"s":{"0":1,"1":1,"2":1,"3":1,"4":1,"5":1,"6":1,"7":1,"8":0,"9":0,"10":0,"11":0,"12":1,"13":0,"14":1,"15":0,"16":0,"17":0,"18":0,"19":0,"20":0,"21":0,"22":0,"23":0,"24":0,"25":0,"26":0,"27":0,"28":0,"29":0,"30":0,"31":0,"32":0,"33":0,"34":1,"35":0,"36":0,"37":0,"38":0,"39":0,"40":0,"41":0,"42":0,"43":0,"44":0,"45":0,"46":0,"47":0,"48":0,"49":0,"50":0,"51":0,"52":0,"53":0,"54":0,"55":0,"56":0,"57":0,"58":0,"59":1,"60":0,"61":0,"62":0,"63":0,"64":2,"65":2,"66":2,"67":1,"68":0,"69":1,"70":1,"71":0,"72":0,"73":0,"74":0,"75":0,"76":0,"77":0,"78":1},"f":{"0":0,"1":0,"2":0,"3":0,"4":0,"5":2,"6":0},"b":{"0":[0,0],"1":[0,0],"2":[0,0],"3":[0,0],"4":[0,0],"5":[0,0],"6":[1,1],"7":[0,0]},"_coverageSchema":"1a1c01bbd47fc00a2c39e90264f33305004495a9","hash":"20e335b5230461d79ed1da9f2d86d0b4e1d0cc7e"}
,"/Users/serdar/Desktop/cu_fall_2023/w4156-ase/optistaff/service/scheduling.js": {"path":"/Users/serdar/Desktop/cu_fall_2023/w4156-ase/optistaff/service/scheduling.js","statementMap":{"0":{"start":{"line":2,"column":15},"end":{"line":2,"column":32}},"1":{"start":{"line":17,"column":2},"end":{"line":17,"column":33}},"2":{"start":{"line":18,"column":2},"end":{"line":18,"column":29}},"3":{"start":{"line":21,"column":2},"end":{"line":21,"column":55}},"4":{"start":{"line":24,"column":2},"end":{"line":24,"column":14}},"5":{"start":{"line":25,"column":2},"end":{"line":30,"column":3}},"6":{"start":{"line":25,"column":15},"end":{"line":25,"column":16}},"7":{"start":{"line":26,"column":4},"end":{"line":29,"column":7}},"8":{"start":{"line":32,"column":2},"end":{"line":32,"column":16}},"9":{"start":{"line":47,"column":2},"end":{"line":47,"column":33}},"10":{"start":{"line":48,"column":2},"end":{"line":48,"column":29}},"11":{"start":{"line":51,"column":2},"end":{"line":51,"column":51}},"12":{"start":{"line":54,"column":2},"end":{"line":54,"column":63}},"13":{"start":{"line":58,"column":0},"end":{"line":61,"column":2}}},"fnMap":{"0":{"name":"computeShifts","decl":{"start":{"line":15,"column":9},"end":{"line":15,"column":22}},"loc":{"start":{"line":15,"column":46},"end":{"line":33,"column":1}},"line":15},"1":{"name":"isOperatingTime","decl":{"start":{"line":45,"column":9},"end":{"line":45,"column":24}},"loc":{"start":{"line":45,"column":53},"end":{"line":55,"column":1}},"line":45}},"branchMap":{},"s":{"0":1,"1":0,"2":0,"3":0,"4":0,"5":0,"6":0,"7":0,"8":0,"9":0,"10":0,"11":0,"12":0,"13":1},"f":{"0":0,"1":0},"b":{},"_coverageSchema":"1a1c01bbd47fc00a2c39e90264f33305004495a9","hash":"c121af6e7b4ae967c0354995b9492598706f29d9"}
}
