TN:
SF:app.js
FN:37,(anonymous_0)
FNF:1
FNH:0
FNDA:0,(anonymous_0)
DA:1,1
DA:2,1
DA:3,1
DA:5,1
DA:7,1
DA:10,1
DA:12,1
DA:14,1
DA:18,1
DA:19,1
DA:21,1
DA:22,1
DA:24,1
DA:25,1
DA:27,1
DA:28,1
DA:30,1
DA:31,1
DA:33,1
DA:34,1
DA:37,1
DA:38,0
DA:42,1
LF:23
LH:22
BRF:0
BRH:0
end_of_record
TN:
SF:controllers/authController.js
FN:6,(anonymous_0)
FN:32,(anonymous_1)
FNF:2
FNH:2
FNDA:3,(anonymous_0)
FNDA:3,(anonymous_1)
DA:2,1
DA:3,1
DA:4,1
DA:6,1
DA:7,3
DA:10,3
DA:11,3
DA:12,0
DA:15,3
DA:16,3
DA:19,3
DA:24,3
DA:26,3
DA:28,0
DA:32,1
DA:33,3
DA:36,3
DA:38,3
DA:39,0
DA:42,3
DA:43,3
DA:44,0
DA:47,3
DA:48,3
DA:50,0
LF:25
LH:20
BRDA:11,0,0,0
BRDA:11,0,1,3
BRDA:38,1,0,0
BRDA:38,1,1,3
BRDA:43,2,0,0
BRDA:43,2,1,3
BRF:6
BRH:3
end_of_record
TN:
SF:controllers/employeeController.js
FN:11,getAllController
FN:32,getOneController
FN:43,createController
FN:77,patchController
FN:108,deleteController
FNF:5
FNH:5
FNDA:3,getAllController
FNDA:1,getOneController
FNDA:3,createController
FNDA:2,patchController
FNDA:2,deleteController
DA:1,2
DA:2,2
DA:3,2
DA:12,3
DA:13,3
DA:14,2
DA:16,1
DA:19,1
DA:20,1
DA:22,1
DA:33,1
DA:44,3
DA:45,3
DA:46,3
DA:47,1
DA:50,2
DA:60,2
DA:61,1
DA:65,1
DA:67,1
DA:78,2
DA:79,1
DA:81,2
DA:82,1
DA:84,2
DA:85,1
DA:87,2
DA:88,1
DA:90,2
DA:91,1
DA:94,2
DA:95,2
DA:96,1
DA:98,1
DA:109,2
DA:110,2
DA:111,2
DA:113,1
DA:117,1
DA:119,1
DA:123,2
LF:41
LH:41
BRDA:14,0,0,1
BRDA:14,0,1,1
BRDA:46,1,0,1
BRDA:46,1,1,2
BRDA:78,2,0,1
BRDA:78,2,1,1
BRDA:81,3,0,1
BRDA:81,3,1,1
BRDA:84,4,0,1
BRDA:84,4,1,1
BRDA:87,5,0,1
BRDA:87,5,1,1
BRDA:90,6,0,1
BRDA:90,6,1,1
BRF:14
BRH:14
end_of_record
TN:
SF:controllers/facilityController.js
FN:10,getController
FN:29,createController
FN:62,patchController
FN:101,deleteController
FNF:4
FNH:4
FNDA:6,getController
FNDA:5,createController
FNDA:2,patchController
FNDA:3,deleteController
DA:1,3
DA:2,3
DA:11,6
DA:12,6
DA:13,5
DA:15,1
DA:17,4
DA:19,1
DA:30,5
DA:31,5
DA:32,5
DA:33,0
DA:36,5
DA:46,4
DA:47,4
DA:48,4
DA:50,4
DA:52,1
DA:63,2
DA:65,2
DA:66,1
DA:68,2
DA:69,1
DA:71,2
DA:72,1
DA:74,2
DA:75,0
DA:77,2
DA:78,1
DA:80,2
DA:81,1
DA:83,2
DA:84,1
DA:88,2
DA:89,1
DA:91,1
DA:102,3
DA:103,3
DA:104,3
DA:106,1
DA:109,2
DA:110,1
DA:111,1
DA:113,1
DA:115,1
DA:119,3
LF:46
LH:44
BRDA:13,0,0,1
BRDA:13,0,1,4
BRDA:32,1,0,0
BRDA:32,1,1,5
BRDA:65,2,0,1
BRDA:65,2,1,1
BRDA:68,3,0,1
BRDA:68,3,1,1
BRDA:71,4,0,1
BRDA:71,4,1,1
BRDA:74,5,0,0
BRDA:74,5,1,2
BRDA:77,6,0,1
BRDA:77,6,1,1
BRDA:80,7,0,1
BRDA:80,7,1,1
BRDA:83,8,0,1
BRDA:83,8,1,1
BRDA:104,9,0,1
BRDA:104,9,1,2
BRF:20
BRH:18
end_of_record
TN:
SF:controllers/notificationController.js
FN:13,getAllController
FN:28,getOneController
FN:39,createController
FN:71,patchController
FN:90,deleteController
FNF:5
FNH:4
FNDA:2,getAllController
FNDA:1,getOneController
FNDA:0,createController
FNDA:2,patchController
FNDA:2,deleteController
DA:1,2
DA:2,2
DA:4,2
DA:5,2
DA:14,2
DA:15,2
DA:16,1
DA:18,1
DA:29,1
DA:40,0
DA:46,0
DA:48,0
DA:49,0
DA:51,0
DA:52,0
DA:53,0
DA:54,0
DA:56,0
DA:59,0
DA:61,0
DA:72,2
DA:73,1
DA:76,2
DA:77,2
DA:78,1
DA:80,1
DA:91,2
DA:92,2
DA:93,1
DA:95,1
DA:99,2
LF:31
LH:20
BRDA:72,0,0,1
BRDA:72,0,1,1
BRF:2
BRH:2
end_of_record
TN:
SF:controllers/scheduleController.js
FN:16,getAllController
FN:40,getOneController
FN:52,createController
FN:103,patchController
FN:188,deleteController
FNF:5
FNH:5
FNDA:2,getAllController
FNDA:1,getOneController
FNDA:2,createController
FNDA:5,patchController
FNDA:2,deleteController
DA:1,2
DA:3,2
DA:4,2
DA:5,2
DA:6,2
DA:7,2
DA:17,2
DA:19,2
DA:20,2
DA:21,0
DA:25,2
DA:27,2
DA:28,1
DA:30,1
DA:42,1
DA:54,2
DA:55,2
DA:57,1
DA:59,1
DA:63,1
DA:67,1
DA:72,1
DA:73,3
DA:75,3
DA:77,3
DA:84,3
DA:88,1
DA:89,1
DA:90,1
DA:93,0
DA:104,5
DA:105,5
DA:108,5
DA:110,5
DA:117,5
DA:118,5
DA:120,1
DA:123,1
DA:127,4
DA:129,1
DA:135,1
DA:139,3
DA:140,1
DA:145,1
DA:149,2
DA:152,2
DA:156,2
DA:157,1
DA:162,1
DA:167,1
DA:168,1
DA:173,1
DA:174,1
DA:177,0
DA:189,2
DA:190,2
DA:191,1
DA:193,1
DA:198,2
LF:59
LH:56
BRDA:20,0,0,0
BRDA:20,0,1,2
BRDA:55,1,0,1
BRDA:55,1,1,1
BRDA:127,2,0,1
BRDA:127,2,1,3
BRDA:127,3,0,4
BRDA:127,3,1,3
BRDA:139,4,0,1
BRDA:139,4,1,2
BRDA:156,5,0,1
BRDA:156,5,1,1
BRDA:156,6,0,2
BRDA:156,6,1,2
BRF:14
BRH:13
end_of_record
TN:
SF:middlewares/verifyAuth.js
FN:3,(anonymous_0)
FNF:1
FNH:1
FNDA:9,(anonymous_0)
DA:1,1
DA:3,1
DA:4,9
DA:5,9
DA:6,0
DA:11,9
DA:13,9
DA:14,9
DA:15,9
DA:16,9
DA:18,0
LF:11
LH:9
BRDA:5,0,0,0
BRDA:5,0,1,9
BRF:2
BRH:1
end_of_record
TN:
SF:models/Employee.js
FN:19,(anonymous_0)
FN:20,(anonymous_1)
FN:27,(anonymous_2)
FN:28,(anonymous_3)
FNF:4
FNH:4
FNDA:4,(anonymous_0)
FNDA:1,(anonymous_1)
FNDA:4,(anonymous_2)
FNDA:1,(anonymous_3)
DA:1,5
DA:3,5
DA:4,5
DA:6,5
DA:19,4
DA:20,1
DA:27,4
DA:28,1
DA:60,5
DA:62,5
LF:10
LH:10
BRF:0
BRH:0
end_of_record
TN:
SF:models/Facility.js
FNF:0
FNH:0
DA:1,5
DA:3,5
DA:57,5
DA:71,5
LF:4
LH:4
BRF:0
BRH:0
end_of_record
TN:
SF:models/Notification.js
FNF:0
FNH:0
DA:1,3
DA:3,3
DA:27,3
DA:29,3
LF:4
LH:4
BRF:0
BRH:0
end_of_record
TN:
SF:models/Schedule.js
FNF:0
FNH:0
DA:1,3
DA:4,3
DA:26,3
DA:56,3
DA:57,3
DA:59,3
LF:6
LH:6
BRF:0
BRH:0
end_of_record
TN:
SF:models/User.js
FNF:0
FNH:0
DA:1,5
DA:3,5
DA:30,5
LF:3
LH:3
BRF:0
BRH:0
end_of_record
TN:
SF:routes/auth.js
FNF:0
FNH:0
DA:1,1
DA:3,1
DA:4,1
DA:6,1
DA:7,1
DA:9,1
LF:6
LH:6
BRF:0
BRH:0
end_of_record
TN:
SF:routes/employees.js
FN:33,getEmployee
FNF:1
FNH:1
FNDA:2,getEmployee
DA:1,2
DA:3,2
DA:4,2
DA:6,2
DA:10,2
DA:13,2
DA:16,2
DA:19,2
DA:22,2
DA:35,2
DA:36,2
DA:37,2
DA:38,1
DA:41,0
DA:44,1
DA:45,1
DA:48,2
LF:17
LH:16
BRDA:37,0,0,1
BRDA:37,0,1,1
BRF:2
BRH:2
end_of_record
TN:
SF:routes/facilities.js
FN:32,getFacility
FNF:1
FNH:1
FNDA:3,getFacility
DA:1,3
DA:3,3
DA:4,3
DA:5,3
DA:8,3
DA:11,3
DA:14,3
DA:17,3
DA:34,3
DA:35,3
DA:36,2
DA:38,1
DA:40,1
DA:41,1
DA:43,1
DA:47,3
LF:16
LH:16
BRDA:36,0,0,1
BRDA:36,0,1,1
BRF:2
BRH:2
end_of_record
TN:
SF:routes/notifications.js
FN:33,getNotification
FNF:1
FNH:1
FNDA:2,getNotification
DA:1,2
DA:3,2
DA:4,2
DA:6,2
DA:10,2
DA:13,2
DA:16,2
DA:19,2
DA:22,2
DA:35,2
DA:36,2
DA:37,2
DA:38,1
DA:41,0
DA:44,1
DA:45,1
DA:49,2
LF:17
LH:16
BRDA:37,0,0,1
BRDA:37,0,1,1
BRF:2
BRH:2
end_of_record
TN:
SF:routes/schedules.js
FN:39,getSchedule
FNF:1
FNH:1
FNDA:3,getSchedule
DA:1,2
DA:4,2
DA:6,2
DA:7,2
DA:8,2
DA:9,2
DA:13,2
DA:16,2
DA:19,2
DA:22,2
DA:26,2
DA:41,3
DA:42,3
DA:43,3
DA:45,1
DA:48,0
DA:52,2
DA:54,2
DA:55,2
DA:56,0
DA:60,2
DA:62,0
DA:65,2
DA:66,1
DA:69,1
DA:71,1
DA:72,1
DA:75,2
LF:28
LH:25
BRDA:43,0,0,1
BRDA:43,0,1,2
BRDA:55,1,0,0
BRDA:55,1,1,2
BRDA:65,2,0,1
BRDA:65,2,1,1
BRF:6
BRH:5
end_of_record
TN:
SF:routes/users.js
FN:8,(anonymous_0)
FNF:1
FNH:1
FNDA:3,(anonymous_0)
DA:1,1
DA:3,1
DA:5,1
DA:8,1
DA:9,3
DA:10,3
DA:11,3
DA:13,0
DA:17,1
LF:9
LH:8
BRF:0
BRH:0
end_of_record
TN:
SF:services/scheduling.js
FN:15,computeShifts
FN:45,isOperatingTime
FNF:2
FNH:2
FNDA:3,computeShifts
FNDA:8,isOperatingTime
DA:2,3
DA:17,3
DA:18,3
DA:21,3
DA:24,3
DA:25,3
DA:26,6
DA:32,3
DA:47,8
DA:48,8
DA:51,8
DA:54,8
DA:58,3
LF:13
LH:13
BRF:0
BRH:0
end_of_record
TN:
SF:services/twilioClient.js
FN:16,sendSMS
FN:23,(anonymous_1)
FN:24,(anonymous_2)
FNF:3
FNH:0
FNDA:0,sendSMS
FNDA:0,(anonymous_1)
FNDA:0,(anonymous_2)
DA:3,2
DA:4,2
DA:6,2
DA:7,2
DA:8,2
DA:17,0
DA:23,0
DA:24,0
DA:28,2
LF:9
LH:6
BRF:0
BRH:0
end_of_record
